<?xml version="1.0" encoding="UTF-8"?>
<robot generator="Robot 5.0 (Python 3.10.4 on win32)" generated="20220715 11:10:09.261" rpa="false" schemaversion="3">
<suite id="s1" name="A SF 001" source="D:\Repositories2\sf_auto_07072022\sf_auto_07072022\TestCases\A_SF_001.robot">
<test id="s1-t1" name="TEST CASE 001" line="36">
<kw name="Execute Suite Setup as User" library="Common" type="SETUP">
<doc>Open Browser on Test or preproduction environment</doc>
<kw name="Open Browser" library="SeleniumLibrary">
<arg>${URL}</arg>
<arg>${Broswer}</arg>
<arg>${TestData}[Browser]</arg>
<arg>options=add_argument("--ignore-certificate-errors")</arg>
<doc>Opens a new browser instance to the optional ``url``.</doc>
<msg timestamp="20220715 11:10:12.000" level="INFO">Opening browser 'chrome' to base url 'https://sfprotest.smartfren.com/sfdms'.</msg>
<status status="PASS" starttime="20220715 11:10:12.000" endtime="20220715 11:10:20.782"/>
</kw>
<kw name="Maximize Browser Window" library="SeleniumLibrary">
<doc>Maximizes current browser window.</doc>
<status status="PASS" starttime="20220715 11:10:20.782" endtime="20220715 11:10:21.046"/>
</kw>
<status status="PASS" starttime="20220715 11:10:12.000" endtime="20220715 11:10:21.046"/>
</kw>
<kw name="Login to SMARTFERN UI" library="SF_Login_Keyword">
<arg>${SmartFern_CREDENTIAL}[username]</arg>
<arg>${SmartFern_CREDENTIAL}[password]</arg>
<kw name="Set Input" library="Common">
<arg>${LoginPage}[UserName]</arg>
<arg>${user}</arg>
<kw name="Click Item" library="Common">
<arg>${locator}</arg>
<kw name="Verify elements is visible and displayed" library="Common">
<arg>${locator}</arg>
<doc>Keyword to verify locator is enabled and visibled on a page.</doc>
<kw name="Wait Until Element Is Enabled" library="SeleniumLibrary">
<arg>${locator}</arg>
<arg>timeout=60</arg>
<doc>Waits until the element ``locator`` is enabled.</doc>
<status status="PASS" starttime="20220715 11:10:21.051" endtime="20220715 11:10:21.122"/>
</kw>
<kw name="Wait Until Element Is Visible" library="SeleniumLibrary">
<arg>${locator}</arg>
<arg>timeout=60</arg>
<doc>Waits until the element ``locator`` is visible.</doc>
<status status="PASS" starttime="20220715 11:10:21.122" endtime="20220715 11:10:21.165"/>
</kw>
<kw name="Page Should Contain Element" library="SeleniumLibrary">
<arg>${locator}</arg>
<arg>timeout=60</arg>
<doc>Verifies that element ``locator`` is found on the current page.</doc>
<msg timestamp="20220715 11:10:21.180" level="INFO">Current page contains element '//input[@autocomplete='new-username']'.</msg>
<status status="PASS" starttime="20220715 11:10:21.165" endtime="20220715 11:10:21.180"/>
</kw>
<kw name="Wait Until Keyword Succeeds" library="BuiltIn">
<arg>${TimeOut}</arg>
<arg>${Start}</arg>
<arg>wait until page contains element</arg>
<arg>${locator}</arg>
<doc>Runs the specified keyword and retries if it fails.</doc>
<kw name="Wait Until Page Contains Element" library="SeleniumLibrary">
<arg>${locator}</arg>
<doc>Waits until the element ``locator`` appears on the current page.</doc>
<status status="PASS" starttime="20220715 11:10:21.180" endtime="20220715 11:10:21.197"/>
</kw>
<status status="PASS" starttime="20220715 11:10:21.180" endtime="20220715 11:10:21.197"/>
</kw>
<status status="PASS" starttime="20220715 11:10:21.051" endtime="20220715 11:10:21.197"/>
</kw>
<kw name="Wait Until Keyword Succeeds" library="BuiltIn">
<arg>${TimeOut}</arg>
<arg>${Start}</arg>
<arg>click element</arg>
<arg>${locator}</arg>
<doc>Runs the specified keyword and retries if it fails.</doc>
<kw name="Click Element" library="SeleniumLibrary">
<arg>${locator}</arg>
<doc>Click the element identified by ``locator``.</doc>
<msg timestamp="20220715 11:10:21.197" level="INFO">Clicking element '//input[@autocomplete='new-username']'.</msg>
<status status="PASS" starttime="20220715 11:10:21.197" endtime="20220715 11:10:21.323"/>
</kw>
<status status="PASS" starttime="20220715 11:10:21.197" endtime="20220715 11:10:21.323"/>
</kw>
<status status="PASS" starttime="20220715 11:10:21.051" endtime="20220715 11:10:21.323"/>
</kw>
<kw name="Run Keyword If" library="BuiltIn">
<arg>'${value}' == 'nan'</arg>
<arg>Log To Console</arg>
<arg>NANACONDITION</arg>
<arg>ELSE IF</arg>
<arg>'${value}' == 'BLANK'</arg>
<arg>Wait Until Keyword Succeeds</arg>
<arg>${TimeOut}</arg>
<arg>${Start}</arg>
<arg>input text</arg>
<arg>${locator}</arg>
<arg>\</arg>
<arg>ELSE</arg>
<arg>Wait Until Keyword Succeeds</arg>
<arg>${TimeOut}</arg>
<arg>${Start}</arg>
<arg>input text</arg>
<arg>${locator}</arg>
<arg>${value}</arg>
<doc>Runs the given keyword with the given arguments, if ``condition`` is true.</doc>
<kw name="Wait Until Keyword Succeeds" library="BuiltIn">
<arg>${TimeOut}</arg>
<arg>${Start}</arg>
<arg>input text</arg>
<arg>${locator}</arg>
<arg>${value}</arg>
<doc>Runs the specified keyword and retries if it fails.</doc>
<kw name="Input Text" library="SeleniumLibrary">
<arg>${locator}</arg>
<arg>${value}</arg>
<doc>Types the given ``text`` into the text field identified by ``locator``.</doc>
<msg timestamp="20220715 11:10:21.323" level="INFO">Typing text 'KMR10200117' into text field '//input[@autocomplete='new-username']'.</msg>
<status status="PASS" starttime="20220715 11:10:21.323" endtime="20220715 11:10:21.517"/>
</kw>
<status status="PASS" starttime="20220715 11:10:21.323" endtime="20220715 11:10:21.517"/>
</kw>
<status status="PASS" starttime="20220715 11:10:21.323" endtime="20220715 11:10:21.517"/>
</kw>
<status status="PASS" starttime="20220715 11:10:21.051" endtime="20220715 11:10:21.517"/>
</kw>
<kw name="Click Item" library="Common">
<arg>${LoginPage}[NextButton]</arg>
<kw name="Verify elements is visible and displayed" library="Common">
<arg>${locator}</arg>
<doc>Keyword to verify locator is enabled and visibled on a page.</doc>
<kw name="Wait Until Element Is Enabled" library="SeleniumLibrary">
<arg>${locator}</arg>
<arg>timeout=60</arg>
<doc>Waits until the element ``locator`` is enabled.</doc>
<status status="PASS" starttime="20220715 11:10:21.517" endtime="20220715 11:10:21.577"/>
</kw>
<kw name="Wait Until Element Is Visible" library="SeleniumLibrary">
<arg>${locator}</arg>
<arg>timeout=60</arg>
<doc>Waits until the element ``locator`` is visible.</doc>
<status status="PASS" starttime="20220715 11:10:21.577" endtime="20220715 11:10:21.619"/>
</kw>
<kw name="Page Should Contain Element" library="SeleniumLibrary">
<arg>${locator}</arg>
<arg>timeout=60</arg>
<doc>Verifies that element ``locator`` is found on the current page.</doc>
<msg timestamp="20220715 11:10:21.630" level="INFO">Current page contains element '//button[text()='Next']'.</msg>
<status status="PASS" starttime="20220715 11:10:21.619" endtime="20220715 11:10:21.630"/>
</kw>
<kw name="Wait Until Keyword Succeeds" library="BuiltIn">
<arg>${TimeOut}</arg>
<arg>${Start}</arg>
<arg>wait until page contains element</arg>
<arg>${locator}</arg>
<doc>Runs the specified keyword and retries if it fails.</doc>
<kw name="Wait Until Page Contains Element" library="SeleniumLibrary">
<arg>${locator}</arg>
<doc>Waits until the element ``locator`` appears on the current page.</doc>
<status status="PASS" starttime="20220715 11:10:21.630" endtime="20220715 11:10:21.651"/>
</kw>
<status status="PASS" starttime="20220715 11:10:21.630" endtime="20220715 11:10:21.651"/>
</kw>
<status status="PASS" starttime="20220715 11:10:21.517" endtime="20220715 11:10:21.651"/>
</kw>
<kw name="Wait Until Keyword Succeeds" library="BuiltIn">
<arg>${TimeOut}</arg>
<arg>${Start}</arg>
<arg>click element</arg>
<arg>${locator}</arg>
<doc>Runs the specified keyword and retries if it fails.</doc>
<kw name="Click Element" library="SeleniumLibrary">
<arg>${locator}</arg>
<doc>Click the element identified by ``locator``.</doc>
<msg timestamp="20220715 11:10:21.654" level="INFO">Clicking element '//button[text()='Next']'.</msg>
<status status="PASS" starttime="20220715 11:10:21.654" endtime="20220715 11:10:21.743"/>
</kw>
<status status="PASS" starttime="20220715 11:10:21.651" endtime="20220715 11:10:21.743"/>
</kw>
<status status="PASS" starttime="20220715 11:10:21.517" endtime="20220715 11:10:21.756"/>
</kw>
<kw name="Sleep" library="BuiltIn">
<arg>4s</arg>
<doc>Pauses the test executed for the given time.</doc>
<msg timestamp="20220715 11:10:25.759" level="INFO">Slept 4 seconds</msg>
<status status="PASS" starttime="20220715 11:10:21.756" endtime="20220715 11:10:25.760"/>
</kw>
<kw name="Set Input" library="Common">
<arg>${LoginPage}[Password]</arg>
<arg>${pass}</arg>
<kw name="Click Item" library="Common">
<arg>${locator}</arg>
<kw name="Verify elements is visible and displayed" library="Common">
<arg>${locator}</arg>
<doc>Keyword to verify locator is enabled and visibled on a page.</doc>
<kw name="Wait Until Element Is Enabled" library="SeleniumLibrary">
<arg>${locator}</arg>
<arg>timeout=60</arg>
<doc>Waits until the element ``locator`` is enabled.</doc>
<status status="PASS" starttime="20220715 11:10:25.760" endtime="20220715 11:10:25.810"/>
</kw>
<kw name="Wait Until Element Is Visible" library="SeleniumLibrary">
<arg>${locator}</arg>
<arg>timeout=60</arg>
<doc>Waits until the element ``locator`` is visible.</doc>
<status status="PASS" starttime="20220715 11:10:25.810" endtime="20220715 11:10:25.837"/>
</kw>
<kw name="Page Should Contain Element" library="SeleniumLibrary">
<arg>${locator}</arg>
<arg>timeout=60</arg>
<doc>Verifies that element ``locator`` is found on the current page.</doc>
<msg timestamp="20220715 11:10:25.850" level="INFO">Current page contains element '//input[@class='form-control']'.</msg>
<status status="PASS" starttime="20220715 11:10:25.837" endtime="20220715 11:10:25.850"/>
</kw>
<kw name="Wait Until Keyword Succeeds" library="BuiltIn">
<arg>${TimeOut}</arg>
<arg>${Start}</arg>
<arg>wait until page contains element</arg>
<arg>${locator}</arg>
<doc>Runs the specified keyword and retries if it fails.</doc>
<kw name="Wait Until Page Contains Element" library="SeleniumLibrary">
<arg>${locator}</arg>
<doc>Waits until the element ``locator`` appears on the current page.</doc>
<status status="PASS" starttime="20220715 11:10:25.860" endtime="20220715 11:10:25.872"/>
</kw>
<status status="PASS" starttime="20220715 11:10:25.850" endtime="20220715 11:10:25.872"/>
</kw>
<status status="PASS" starttime="20220715 11:10:25.760" endtime="20220715 11:10:25.872"/>
</kw>
<kw name="Wait Until Keyword Succeeds" library="BuiltIn">
<arg>${TimeOut}</arg>
<arg>${Start}</arg>
<arg>click element</arg>
<arg>${locator}</arg>
<doc>Runs the specified keyword and retries if it fails.</doc>
<kw name="Click Element" library="SeleniumLibrary">
<arg>${locator}</arg>
<doc>Click the element identified by ``locator``.</doc>
<msg timestamp="20220715 11:10:25.872" level="INFO">Clicking element '//input[@class='form-control']'.</msg>
<status status="PASS" starttime="20220715 11:10:25.872" endtime="20220715 11:10:25.936"/>
</kw>
<status status="PASS" starttime="20220715 11:10:25.872" endtime="20220715 11:10:25.936"/>
</kw>
<status status="PASS" starttime="20220715 11:10:25.760" endtime="20220715 11:10:25.936"/>
</kw>
<kw name="Run Keyword If" library="BuiltIn">
<arg>'${value}' == 'nan'</arg>
<arg>Log To Console</arg>
<arg>NANACONDITION</arg>
<arg>ELSE IF</arg>
<arg>'${value}' == 'BLANK'</arg>
<arg>Wait Until Keyword Succeeds</arg>
<arg>${TimeOut}</arg>
<arg>${Start}</arg>
<arg>input text</arg>
<arg>${locator}</arg>
<arg>\</arg>
<arg>ELSE</arg>
<arg>Wait Until Keyword Succeeds</arg>
<arg>${TimeOut}</arg>
<arg>${Start}</arg>
<arg>input text</arg>
<arg>${locator}</arg>
<arg>${value}</arg>
<doc>Runs the given keyword with the given arguments, if ``condition`` is true.</doc>
<kw name="Wait Until Keyword Succeeds" library="BuiltIn">
<arg>${TimeOut}</arg>
<arg>${Start}</arg>
<arg>input text</arg>
<arg>${locator}</arg>
<arg>${value}</arg>
<doc>Runs the specified keyword and retries if it fails.</doc>
<kw name="Input Text" library="SeleniumLibrary">
<arg>${locator}</arg>
<arg>${value}</arg>
<doc>Types the given ``text`` into the text field identified by ``locator``.</doc>
<msg timestamp="20220715 11:10:25.939" level="INFO">Typing text '828977' into text field '//input[@class='form-control']'.</msg>
<status status="PASS" starttime="20220715 11:10:25.936" endtime="20220715 11:10:26.043"/>
</kw>
<status status="PASS" starttime="20220715 11:10:25.936" endtime="20220715 11:10:26.044"/>
</kw>
<status status="PASS" starttime="20220715 11:10:25.936" endtime="20220715 11:10:26.044"/>
</kw>
<status status="PASS" starttime="20220715 11:10:25.760" endtime="20220715 11:10:26.045"/>
</kw>
<kw name="Click Item" library="Common">
<arg>${LoginPage}[Loginbtn]</arg>
<kw name="Verify elements is visible and displayed" library="Common">
<arg>${locator}</arg>
<doc>Keyword to verify locator is enabled and visibled on a page.</doc>
<kw name="Wait Until Element Is Enabled" library="SeleniumLibrary">
<arg>${locator}</arg>
<arg>timeout=60</arg>
<doc>Waits until the element ``locator`` is enabled.</doc>
<status status="PASS" starttime="20220715 11:10:26.047" endtime="20220715 11:10:26.090"/>
</kw>
<kw name="Wait Until Element Is Visible" library="SeleniumLibrary">
<arg>${locator}</arg>
<arg>timeout=60</arg>
<doc>Waits until the element ``locator`` is visible.</doc>
<status status="PASS" starttime="20220715 11:10:26.090" endtime="20220715 11:10:26.130"/>
</kw>
<kw name="Page Should Contain Element" library="SeleniumLibrary">
<arg>${locator}</arg>
<arg>timeout=60</arg>
<doc>Verifies that element ``locator`` is found on the current page.</doc>
<msg timestamp="20220715 11:10:26.145" level="INFO">Current page contains element '//button[text()='Login']'.</msg>
<status status="PASS" starttime="20220715 11:10:26.130" endtime="20220715 11:10:26.146"/>
</kw>
<kw name="Wait Until Keyword Succeeds" library="BuiltIn">
<arg>${TimeOut}</arg>
<arg>${Start}</arg>
<arg>wait until page contains element</arg>
<arg>${locator}</arg>
<doc>Runs the specified keyword and retries if it fails.</doc>
<kw name="Wait Until Page Contains Element" library="SeleniumLibrary">
<arg>${locator}</arg>
<doc>Waits until the element ``locator`` appears on the current page.</doc>
<status status="PASS" starttime="20220715 11:10:26.148" endtime="20220715 11:10:26.166"/>
</kw>
<status status="PASS" starttime="20220715 11:10:26.147" endtime="20220715 11:10:26.166"/>
</kw>
<status status="PASS" starttime="20220715 11:10:26.046" endtime="20220715 11:10:26.166"/>
</kw>
<kw name="Wait Until Keyword Succeeds" library="BuiltIn">
<arg>${TimeOut}</arg>
<arg>${Start}</arg>
<arg>click element</arg>
<arg>${locator}</arg>
<doc>Runs the specified keyword and retries if it fails.</doc>
<kw name="Click Element" library="SeleniumLibrary">
<arg>${locator}</arg>
<doc>Click the element identified by ``locator``.</doc>
<msg timestamp="20220715 11:10:26.167" level="INFO">Clicking element '//button[text()='Login']'.</msg>
<status status="PASS" starttime="20220715 11:10:26.167" endtime="20220715 11:10:26.250"/>
</kw>
<status status="PASS" starttime="20220715 11:10:26.166" endtime="20220715 11:10:26.250"/>
</kw>
<status status="PASS" starttime="20220715 11:10:26.045" endtime="20220715 11:10:26.250"/>
</kw>
<kw name="Verify elements is visible and displayed" library="Common">
<arg>//div[text()='Dashboard']</arg>
<doc>Keyword to verify locator is enabled and visibled on a page.</doc>
<kw name="Wait Until Element Is Enabled" library="SeleniumLibrary">
<arg>${locator}</arg>
<arg>timeout=60</arg>
<doc>Waits until the element ``locator`` is enabled.</doc>
<status status="PASS" starttime="20220715 11:10:26.252" endtime="20220715 11:10:28.240"/>
</kw>
<kw name="Wait Until Element Is Visible" library="SeleniumLibrary">
<arg>${locator}</arg>
<arg>timeout=60</arg>
<doc>Waits until the element ``locator`` is visible.</doc>
<status status="PASS" starttime="20220715 11:10:28.240" endtime="20220715 11:10:28.276"/>
</kw>
<kw name="Page Should Contain Element" library="SeleniumLibrary">
<arg>${locator}</arg>
<arg>timeout=60</arg>
<doc>Verifies that element ``locator`` is found on the current page.</doc>
<msg timestamp="20220715 11:10:28.288" level="INFO">Current page contains element '//div[text()='Dashboard']'.</msg>
<status status="PASS" starttime="20220715 11:10:28.276" endtime="20220715 11:10:28.288"/>
</kw>
<kw name="Wait Until Keyword Succeeds" library="BuiltIn">
<arg>${TimeOut}</arg>
<arg>${Start}</arg>
<arg>wait until page contains element</arg>
<arg>${locator}</arg>
<doc>Runs the specified keyword and retries if it fails.</doc>
<kw name="Wait Until Page Contains Element" library="SeleniumLibrary">
<arg>${locator}</arg>
<doc>Waits until the element ``locator`` appears on the current page.</doc>
<status status="PASS" starttime="20220715 11:10:28.288" endtime="20220715 11:10:28.290"/>
</kw>
<status status="PASS" starttime="20220715 11:10:28.288" endtime="20220715 11:10:28.299"/>
</kw>
<status status="PASS" starttime="20220715 11:10:26.251" endtime="20220715 11:10:28.299"/>
</kw>
<status status="PASS" starttime="20220715 11:10:21.049" endtime="20220715 11:10:28.299"/>
</kw>
<kw name="ISI_Pulsa" library="SF_UI_Keywords">
<arg>TC_001</arg>
<arg>TD_02</arg>
<kw name="Fetch From Excel" library="Read_TestData_Keyword">
<var>${data}</var>
<arg>${SMARTFREN_TESTDATA}</arg>
<arg>SMARTFREN_ISI_PULSA</arg>
<arg>${caseID}</arg>
<arg>${dataID}</arg>
<kw name="Fetch From ExcelData" library="ReadDataFromExcel">
<var>${celldata}</var>
<arg>${filename}</arg>
<arg>${sheetname}</arg>
<arg>${TestCaseID}</arg>
<arg>${TestDataID}</arg>
<msg timestamp="20220715 11:10:28.488" level="INFO">${celldata} =            DUPLICATE_ENTRY TestCaseId TestDataId   MDN_Number  ...  PIN_NUMBER_Digit3 PIN_NUMBER_Digit4  PIN_NUMBER_Digit5  PIN_NUMBER_Digit6
TestDataId                                                ...</msg>
<status status="PASS" starttime="20220715 11:10:28.300" endtime="20220715 11:10:28.488"/>
</kw>
<msg timestamp="20220715 11:10:28.516" level="INFO">${data} =            DUPLICATE_ENTRY TestCaseId TestDataId   MDN_Number  ...  PIN_NUMBER_Digit3 PIN_NUMBER_Digit4  PIN_NUMBER_Digit5  PIN_NUMBER_Digit6
TestDataId                                                ...</msg>
<status status="PASS" starttime="20220715 11:10:28.300" endtime="20220715 11:10:28.516"/>
</kw>
<kw name="Get Data" library="ReadDataFromExcel">
<var>${MDN_NUMBER}</var>
<arg>${data}</arg>
<arg>MDN_Number</arg>
<msg timestamp="20220715 11:10:28.520" level="INFO">${MDN_NUMBER} = 88903200553</msg>
<status status="PASS" starttime="20220715 11:10:28.517" endtime="20220715 11:10:28.520"/>
</kw>
<kw name="Get Data" library="ReadDataFromExcel">
<var>${RP_VALUE}</var>
<arg>${data}</arg>
<arg>RP_Value</arg>
<msg timestamp="20220715 11:10:28.521" level="INFO">${RP_VALUE} = 29000</msg>
<status status="PASS" starttime="20220715 11:10:28.521" endtime="20220715 11:10:28.521"/>
</kw>
<kw name="Get Data" library="ReadDataFromExcel">
<var>${PAYMENT_TYPE}</var>
<arg>${data}</arg>
<arg>Payment_Type</arg>
<msg timestamp="20220715 11:10:28.521" level="INFO">${PAYMENT_TYPE} = Eload Balance</msg>
<status status="PASS" starttime="20220715 11:10:28.521" endtime="20220715 11:10:28.521"/>
</kw>
<kw name="Get Data" library="ReadDataFromExcel">
<var>${PIN_NUMBER_DIGIT1}</var>
<arg>${data}</arg>
<arg>PIN_NUMBER_Digit1</arg>
<msg timestamp="20220715 11:10:28.521" level="INFO">${PIN_NUMBER_DIGIT1} = 2</msg>
<status status="PASS" starttime="20220715 11:10:28.521" endtime="20220715 11:10:28.521"/>
</kw>
<kw name="Get Data" library="ReadDataFromExcel">
<var>${PIN_NUMBER_DIGIT2}</var>
<arg>${data}</arg>
<arg>PIN_NUMBER_Digit2</arg>
<msg timestamp="20220715 11:10:28.530" level="INFO">${PIN_NUMBER_DIGIT2} = 5</msg>
<status status="PASS" starttime="20220715 11:10:28.528" endtime="20220715 11:10:28.530"/>
</kw>
<kw name="Get Data" library="ReadDataFromExcel">
<var>${PIN_NUMBER_DIGIT3}</var>
<arg>${data}</arg>
<arg>PIN_NUMBER_Digit3</arg>
<msg timestamp="20220715 11:10:28.532" level="INFO">${PIN_NUMBER_DIGIT3} = 6</msg>
<status status="PASS" starttime="20220715 11:10:28.530" endtime="20220715 11:10:28.532"/>
</kw>
<kw name="Get Data" library="ReadDataFromExcel">
<var>${PIN_NUMBER_DIGIT4}</var>
<arg>${data}</arg>
<arg>PIN_NUMBER_Digit4</arg>
<msg timestamp="20220715 11:10:28.535" level="INFO">${PIN_NUMBER_DIGIT4} = 0</msg>
<status status="PASS" starttime="20220715 11:10:28.533" endtime="20220715 11:10:28.535"/>
</kw>
<kw name="Get Data" library="ReadDataFromExcel">
<var>${PIN_NUMBER_DIGIT5}</var>
<arg>${data}</arg>
<arg>PIN_NUMBER_Digit5</arg>
<msg timestamp="20220715 11:10:28.537" level="INFO">${PIN_NUMBER_DIGIT5} = 9</msg>
<status status="PASS" starttime="20220715 11:10:28.535" endtime="20220715 11:10:28.537"/>
</kw>
<kw name="Get Data" library="ReadDataFromExcel">
<var>${PIN_NUMBER_DIGIT6}</var>
<arg>${data}</arg>
<arg>PIN_NUMBER_Digit6</arg>
<msg timestamp="20220715 11:10:28.541" level="INFO">${PIN_NUMBER_DIGIT6} = 6</msg>
<status status="PASS" starttime="20220715 11:10:28.537" endtime="20220715 11:10:28.541"/>
</kw>
<kw name="Click Item" library="Common">
<arg>${ISIPulsaDetailsPage}[Apps]</arg>
<kw name="Verify elements is visible and displayed" library="Common">
<arg>${locator}</arg>
<doc>Keyword to verify locator is enabled and visibled on a page.</doc>
<kw name="Wait Until Element Is Enabled" library="SeleniumLibrary">
<arg>${locator}</arg>
<arg>timeout=60</arg>
<doc>Waits until the element ``locator`` is enabled.</doc>
<status status="PASS" starttime="20220715 11:10:28.546" endtime="20220715 11:10:28.600"/>
</kw>
<kw name="Wait Until Element Is Visible" library="SeleniumLibrary">
<arg>${locator}</arg>
<arg>timeout=60</arg>
<doc>Waits until the element ``locator`` is visible.</doc>
<status status="PASS" starttime="20220715 11:10:28.600" endtime="20220715 11:10:28.629"/>
</kw>
<kw name="Page Should Contain Element" library="SeleniumLibrary">
<arg>${locator}</arg>
<arg>timeout=60</arg>
<doc>Verifies that element ``locator`` is found on the current page.</doc>
<msg timestamp="20220715 11:10:28.643" level="INFO">Current page contains element '//div/span[text()='Apps']'.</msg>
<status status="PASS" starttime="20220715 11:10:28.630" endtime="20220715 11:10:28.643"/>
</kw>
<kw name="Wait Until Keyword Succeeds" library="BuiltIn">
<arg>${TimeOut}</arg>
<arg>${Start}</arg>
<arg>wait until page contains element</arg>
<arg>${locator}</arg>
<doc>Runs the specified keyword and retries if it fails.</doc>
<kw name="Wait Until Page Contains Element" library="SeleniumLibrary">
<arg>${locator}</arg>
<doc>Waits until the element ``locator`` appears on the current page.</doc>
<status status="PASS" starttime="20220715 11:10:28.645" endtime="20220715 11:10:28.660"/>
</kw>
<status status="PASS" starttime="20220715 11:10:28.643" endtime="20220715 11:10:28.660"/>
</kw>
<status status="PASS" starttime="20220715 11:10:28.543" endtime="20220715 11:10:28.660"/>
</kw>
<kw name="Wait Until Keyword Succeeds" library="BuiltIn">
<arg>${TimeOut}</arg>
<arg>${Start}</arg>
<arg>click element</arg>
<arg>${locator}</arg>
<doc>Runs the specified keyword and retries if it fails.</doc>
<kw name="Click Element" library="SeleniumLibrary">
<arg>${locator}</arg>
<doc>Click the element identified by ``locator``.</doc>
<msg timestamp="20220715 11:10:28.660" level="INFO">Clicking element '//div/span[text()='Apps']'.</msg>
<status status="PASS" starttime="20220715 11:10:28.660" endtime="20220715 11:10:28.749"/>
</kw>
<status status="PASS" starttime="20220715 11:10:28.660" endtime="20220715 11:10:28.749"/>
</kw>
<status status="PASS" starttime="20220715 11:10:28.542" endtime="20220715 11:10:28.750"/>
</kw>
<kw name="Sleep" library="BuiltIn">
<arg>3s</arg>
<doc>Pauses the test executed for the given time.</doc>
<msg timestamp="20220715 11:10:31.756" level="INFO">Slept 3 seconds</msg>
<status status="PASS" starttime="20220715 11:10:28.750" endtime="20220715 11:10:31.756"/>
</kw>
<kw name="Click Item" library="Common">
<arg>${ISIPulsaDetailsPage}[POSApp]</arg>
<kw name="Verify elements is visible and displayed" library="Common">
<arg>${locator}</arg>
<doc>Keyword to verify locator is enabled and visibled on a page.</doc>
<kw name="Wait Until Element Is Enabled" library="SeleniumLibrary">
<arg>${locator}</arg>
<arg>timeout=60</arg>
<doc>Waits until the element ``locator`` is enabled.</doc>
<status status="PASS" starttime="20220715 11:10:31.757" endtime="20220715 11:10:31.810"/>
</kw>
<kw name="Wait Until Element Is Visible" library="SeleniumLibrary">
<arg>${locator}</arg>
<arg>timeout=60</arg>
<doc>Waits until the element ``locator`` is visible.</doc>
<status status="PASS" starttime="20220715 11:10:31.810" endtime="20220715 11:10:31.846"/>
</kw>
<kw name="Page Should Contain Element" library="SeleniumLibrary">
<arg>${locator}</arg>
<arg>timeout=60</arg>
<doc>Verifies that element ``locator`` is found on the current page.</doc>
<msg timestamp="20220715 11:10:31.869" level="INFO">Current page contains element '//button/span[text()='POS']'.</msg>
<status status="PASS" starttime="20220715 11:10:31.846" endtime="20220715 11:10:31.869"/>
</kw>
<kw name="Wait Until Keyword Succeeds" library="BuiltIn">
<arg>${TimeOut}</arg>
<arg>${Start}</arg>
<arg>wait until page contains element</arg>
<arg>${locator}</arg>
<doc>Runs the specified keyword and retries if it fails.</doc>
<kw name="Wait Until Page Contains Element" library="SeleniumLibrary">
<arg>${locator}</arg>
<doc>Waits until the element ``locator`` appears on the current page.</doc>
<status status="PASS" starttime="20220715 11:10:31.876" endtime="20220715 11:10:31.893"/>
</kw>
<status status="PASS" starttime="20220715 11:10:31.876" endtime="20220715 11:10:31.893"/>
</kw>
<status status="PASS" starttime="20220715 11:10:31.757" endtime="20220715 11:10:31.893"/>
</kw>
<kw name="Wait Until Keyword Succeeds" library="BuiltIn">
<arg>${TimeOut}</arg>
<arg>${Start}</arg>
<arg>click element</arg>
<arg>${locator}</arg>
<doc>Runs the specified keyword and retries if it fails.</doc>
<kw name="Click Element" library="SeleniumLibrary">
<arg>${locator}</arg>
<doc>Click the element identified by ``locator``.</doc>
<msg timestamp="20220715 11:10:31.893" level="INFO">Clicking element '//button/span[text()='POS']'.</msg>
<status status="PASS" starttime="20220715 11:10:31.893" endtime="20220715 11:10:31.976"/>
</kw>
<status status="PASS" starttime="20220715 11:10:31.893" endtime="20220715 11:10:31.976"/>
</kw>
<status status="PASS" starttime="20220715 11:10:31.756" endtime="20220715 11:10:31.976"/>
</kw>
<kw name="Sleep" library="BuiltIn">
<arg>2s</arg>
<doc>Pauses the test executed for the given time.</doc>
<msg timestamp="20220715 11:10:33.978" level="INFO">Slept 2 seconds</msg>
<status status="PASS" starttime="20220715 11:10:31.976" endtime="20220715 11:10:33.978"/>
</kw>
<kw name="Click Item" library="Common">
<arg>${ISIPulsaDetailsPage}[ISIPulsa]</arg>
<kw name="Verify elements is visible and displayed" library="Common">
<arg>${locator}</arg>
<doc>Keyword to verify locator is enabled and visibled on a page.</doc>
<kw name="Wait Until Element Is Enabled" library="SeleniumLibrary">
<arg>${locator}</arg>
<arg>timeout=60</arg>
<doc>Waits until the element ``locator`` is enabled.</doc>
<status status="PASS" starttime="20220715 11:10:33.981" endtime="20220715 11:10:34.046"/>
</kw>
<kw name="Wait Until Element Is Visible" library="SeleniumLibrary">
<arg>${locator}</arg>
<arg>timeout=60</arg>
<doc>Waits until the element ``locator`` is visible.</doc>
<status status="PASS" starttime="20220715 11:10:34.046" endtime="20220715 11:10:34.080"/>
</kw>
<kw name="Page Should Contain Element" library="SeleniumLibrary">
<arg>${locator}</arg>
<arg>timeout=60</arg>
<doc>Verifies that element ``locator`` is found on the current page.</doc>
<msg timestamp="20220715 11:10:34.096" level="INFO">Current page contains element '//a[normalize-space()='ISI Pulsa']'.</msg>
<status status="PASS" starttime="20220715 11:10:34.080" endtime="20220715 11:10:34.096"/>
</kw>
<kw name="Wait Until Keyword Succeeds" library="BuiltIn">
<arg>${TimeOut}</arg>
<arg>${Start}</arg>
<arg>wait until page contains element</arg>
<arg>${locator}</arg>
<doc>Runs the specified keyword and retries if it fails.</doc>
<kw name="Wait Until Page Contains Element" library="SeleniumLibrary">
<arg>${locator}</arg>
<doc>Waits until the element ``locator`` appears on the current page.</doc>
<status status="PASS" starttime="20220715 11:10:34.096" endtime="20220715 11:10:34.109"/>
</kw>
<status status="PASS" starttime="20220715 11:10:34.096" endtime="20220715 11:10:34.109"/>
</kw>
<status status="PASS" starttime="20220715 11:10:33.978" endtime="20220715 11:10:34.109"/>
</kw>
<kw name="Wait Until Keyword Succeeds" library="BuiltIn">
<arg>${TimeOut}</arg>
<arg>${Start}</arg>
<arg>click element</arg>
<arg>${locator}</arg>
<doc>Runs the specified keyword and retries if it fails.</doc>
<kw name="Click Element" library="SeleniumLibrary">
<arg>${locator}</arg>
<doc>Click the element identified by ``locator``.</doc>
<msg timestamp="20220715 11:10:34.117" level="INFO">Clicking element '//a[normalize-space()='ISI Pulsa']'.</msg>
<status status="PASS" starttime="20220715 11:10:34.109" endtime="20220715 11:10:34.197"/>
</kw>
<status status="PASS" starttime="20220715 11:10:34.109" endtime="20220715 11:10:34.197"/>
</kw>
<status status="PASS" starttime="20220715 11:10:33.978" endtime="20220715 11:10:34.200"/>
</kw>
<kw name="Sleep" library="BuiltIn">
<arg>2s</arg>
<doc>Pauses the test executed for the given time.</doc>
<msg timestamp="20220715 11:10:36.210" level="INFO">Slept 2 seconds</msg>
<status status="PASS" starttime="20220715 11:10:34.200" endtime="20220715 11:10:36.210"/>
</kw>
<kw name="Set Input" library="Common">
<arg>${ISIPulsaDetailsPage}[InputMDN]</arg>
<arg>${MDN_NUMBER}</arg>
<kw name="Click Item" library="Common">
<arg>${locator}</arg>
<kw name="Verify elements is visible and displayed" library="Common">
<arg>${locator}</arg>
<doc>Keyword to verify locator is enabled and visibled on a page.</doc>
<kw name="Wait Until Element Is Enabled" library="SeleniumLibrary">
<arg>${locator}</arg>
<arg>timeout=60</arg>
<doc>Waits until the element ``locator`` is enabled.</doc>
<status status="PASS" starttime="20220715 11:10:36.210" endtime="20220715 11:10:46.410"/>
</kw>
<kw name="Wait Until Element Is Visible" library="SeleniumLibrary">
<arg>${locator}</arg>
<arg>timeout=60</arg>
<doc>Waits until the element ``locator`` is visible.</doc>
<status status="PASS" starttime="20220715 11:10:46.420" endtime="20220715 11:10:46.459"/>
</kw>
<kw name="Page Should Contain Element" library="SeleniumLibrary">
<arg>${locator}</arg>
<arg>timeout=60</arg>
<doc>Verifies that element ``locator`` is found on the current page.</doc>
<msg timestamp="20220715 11:10:46.470" level="INFO">Current page contains element '//input[@id='mdn__id']'.</msg>
<status status="PASS" starttime="20220715 11:10:46.460" endtime="20220715 11:10:46.470"/>
</kw>
<kw name="Wait Until Keyword Succeeds" library="BuiltIn">
<arg>${TimeOut}</arg>
<arg>${Start}</arg>
<arg>wait until page contains element</arg>
<arg>${locator}</arg>
<doc>Runs the specified keyword and retries if it fails.</doc>
<kw name="Wait Until Page Contains Element" library="SeleniumLibrary">
<arg>${locator}</arg>
<doc>Waits until the element ``locator`` appears on the current page.</doc>
<status status="PASS" starttime="20220715 11:10:46.470" endtime="20220715 11:10:46.481"/>
</kw>
<status status="PASS" starttime="20220715 11:10:46.470" endtime="20220715 11:10:46.481"/>
</kw>
<status status="PASS" starttime="20220715 11:10:36.210" endtime="20220715 11:10:46.481"/>
</kw>
<kw name="Wait Until Keyword Succeeds" library="BuiltIn">
<arg>${TimeOut}</arg>
<arg>${Start}</arg>
<arg>click element</arg>
<arg>${locator}</arg>
<doc>Runs the specified keyword and retries if it fails.</doc>
<kw name="Click Element" library="SeleniumLibrary">
<arg>${locator}</arg>
<doc>Click the element identified by ``locator``.</doc>
<msg timestamp="20220715 11:10:46.481" level="INFO">Clicking element '//input[@id='mdn__id']'.</msg>
<status status="PASS" starttime="20220715 11:10:46.481" endtime="20220715 11:10:46.548"/>
</kw>
<status status="PASS" starttime="20220715 11:10:46.481" endtime="20220715 11:10:46.548"/>
</kw>
<status status="PASS" starttime="20220715 11:10:36.210" endtime="20220715 11:10:46.548"/>
</kw>
<kw name="Run Keyword If" library="BuiltIn">
<arg>'${value}' == 'nan'</arg>
<arg>Log To Console</arg>
<arg>NANACONDITION</arg>
<arg>ELSE IF</arg>
<arg>'${value}' == 'BLANK'</arg>
<arg>Wait Until Keyword Succeeds</arg>
<arg>${TimeOut}</arg>
<arg>${Start}</arg>
<arg>input text</arg>
<arg>${locator}</arg>
<arg>\</arg>
<arg>ELSE</arg>
<arg>Wait Until Keyword Succeeds</arg>
<arg>${TimeOut}</arg>
<arg>${Start}</arg>
<arg>input text</arg>
<arg>${locator}</arg>
<arg>${value}</arg>
<doc>Runs the given keyword with the given arguments, if ``condition`` is true.</doc>
<kw name="Wait Until Keyword Succeeds" library="BuiltIn">
<arg>${TimeOut}</arg>
<arg>${Start}</arg>
<arg>input text</arg>
<arg>${locator}</arg>
<arg>${value}</arg>
<doc>Runs the specified keyword and retries if it fails.</doc>
<kw name="Input Text" library="SeleniumLibrary">
<arg>${locator}</arg>
<arg>${value}</arg>
<doc>Types the given ``text`` into the text field identified by ``locator``.</doc>
<msg timestamp="20220715 11:10:46.550" level="INFO">Typing text '88903200553' into text field '//input[@id='mdn__id']'.</msg>
<status status="PASS" starttime="20220715 11:10:46.550" endtime="20220715 11:10:46.646"/>
</kw>
<status status="PASS" starttime="20220715 11:10:46.550" endtime="20220715 11:10:46.646"/>
</kw>
<status status="PASS" starttime="20220715 11:10:46.550" endtime="20220715 11:10:46.646"/>
</kw>
<status status="PASS" starttime="20220715 11:10:36.210" endtime="20220715 11:10:46.646"/>
</kw>
<kw name="Sleep" library="BuiltIn">
<arg>4s</arg>
<doc>Pauses the test executed for the given time.</doc>
<msg timestamp="20220715 11:10:50.649" level="INFO">Slept 4 seconds</msg>
<status status="PASS" starttime="20220715 11:10:46.646" endtime="20220715 11:10:50.649"/>
</kw>
<kw name="Click Item" library="Common">
<arg>${ISIPulsaDetailsPage}[InputMDNProceedButton]</arg>
<kw name="Verify elements is visible and displayed" library="Common">
<arg>${locator}</arg>
<doc>Keyword to verify locator is enabled and visibled on a page.</doc>
<kw name="Wait Until Element Is Enabled" library="SeleniumLibrary">
<arg>${locator}</arg>
<arg>timeout=60</arg>
<doc>Waits until the element ``locator`` is enabled.</doc>
<status status="PASS" starttime="20220715 11:10:50.652" endtime="20220715 11:10:50.711"/>
</kw>
<kw name="Wait Until Element Is Visible" library="SeleniumLibrary">
<arg>${locator}</arg>
<arg>timeout=60</arg>
<doc>Waits until the element ``locator`` is visible.</doc>
<status status="PASS" starttime="20220715 11:10:50.711" endtime="20220715 11:10:50.739"/>
</kw>
<kw name="Page Should Contain Element" library="SeleniumLibrary">
<arg>${locator}</arg>
<arg>timeout=60</arg>
<doc>Verifies that element ``locator`` is found on the current page.</doc>
<msg timestamp="20220715 11:10:50.760" level="INFO">Current page contains element '//div[text()=' Proceed']'.</msg>
<status status="PASS" starttime="20220715 11:10:50.739" endtime="20220715 11:10:50.760"/>
</kw>
<kw name="Wait Until Keyword Succeeds" library="BuiltIn">
<arg>${TimeOut}</arg>
<arg>${Start}</arg>
<arg>wait until page contains element</arg>
<arg>${locator}</arg>
<doc>Runs the specified keyword and retries if it fails.</doc>
<kw name="Wait Until Page Contains Element" library="SeleniumLibrary">
<arg>${locator}</arg>
<doc>Waits until the element ``locator`` appears on the current page.</doc>
<status status="PASS" starttime="20220715 11:10:50.760" endtime="20220715 11:10:50.778"/>
</kw>
<status status="PASS" starttime="20220715 11:10:50.760" endtime="20220715 11:10:50.778"/>
</kw>
<status status="PASS" starttime="20220715 11:10:50.652" endtime="20220715 11:10:50.778"/>
</kw>
<kw name="Wait Until Keyword Succeeds" library="BuiltIn">
<arg>${TimeOut}</arg>
<arg>${Start}</arg>
<arg>click element</arg>
<arg>${locator}</arg>
<doc>Runs the specified keyword and retries if it fails.</doc>
<kw name="Click Element" library="SeleniumLibrary">
<arg>${locator}</arg>
<doc>Click the element identified by ``locator``.</doc>
<msg timestamp="20220715 11:10:50.780" level="INFO">Clicking element '//div[text()=' Proceed']'.</msg>
<status status="PASS" starttime="20220715 11:10:50.780" endtime="20220715 11:10:50.855"/>
</kw>
<status status="PASS" starttime="20220715 11:10:50.778" endtime="20220715 11:10:50.855"/>
</kw>
<status status="PASS" starttime="20220715 11:10:50.649" endtime="20220715 11:10:50.855"/>
</kw>
<kw name="Sleep" library="BuiltIn">
<arg>4s</arg>
<doc>Pauses the test executed for the given time.</doc>
<msg timestamp="20220715 11:10:54.870" level="INFO">Slept 4 seconds</msg>
<status status="PASS" starttime="20220715 11:10:50.855" endtime="20220715 11:10:54.870"/>
</kw>
<kw name="Set Input" library="Common">
<arg>${ISIPulsaDetailsPage}[InputRPValue]</arg>
<arg>${RP_VALUE}</arg>
<kw name="Click Item" library="Common">
<arg>${locator}</arg>
<kw name="Verify elements is visible and displayed" library="Common">
<arg>${locator}</arg>
<doc>Keyword to verify locator is enabled and visibled on a page.</doc>
<kw name="Wait Until Element Is Enabled" library="SeleniumLibrary">
<arg>${locator}</arg>
<arg>timeout=60</arg>
<doc>Waits until the element ``locator`` is enabled.</doc>
<status status="PASS" starttime="20220715 11:10:54.871" endtime="20220715 11:10:54.930"/>
</kw>
<kw name="Wait Until Element Is Visible" library="SeleniumLibrary">
<arg>${locator}</arg>
<arg>timeout=60</arg>
<doc>Waits until the element ``locator`` is visible.</doc>
<status status="PASS" starttime="20220715 11:10:54.930" endtime="20220715 11:10:54.970"/>
</kw>
<kw name="Page Should Contain Element" library="SeleniumLibrary">
<arg>${locator}</arg>
<arg>timeout=60</arg>
<doc>Verifies that element ``locator`` is found on the current page.</doc>
<msg timestamp="20220715 11:10:54.981" level="INFO">Current page contains element '//input[@id='denom__id']'.</msg>
<status status="PASS" starttime="20220715 11:10:54.970" endtime="20220715 11:10:54.981"/>
</kw>
<kw name="Wait Until Keyword Succeeds" library="BuiltIn">
<arg>${TimeOut}</arg>
<arg>${Start}</arg>
<arg>wait until page contains element</arg>
<arg>${locator}</arg>
<doc>Runs the specified keyword and retries if it fails.</doc>
<kw name="Wait Until Page Contains Element" library="SeleniumLibrary">
<arg>${locator}</arg>
<doc>Waits until the element ``locator`` appears on the current page.</doc>
<status status="PASS" starttime="20220715 11:10:54.981" endtime="20220715 11:10:55.006"/>
</kw>
<status status="PASS" starttime="20220715 11:10:54.981" endtime="20220715 11:10:55.006"/>
</kw>
<status status="PASS" starttime="20220715 11:10:54.871" endtime="20220715 11:10:55.006"/>
</kw>
<kw name="Wait Until Keyword Succeeds" library="BuiltIn">
<arg>${TimeOut}</arg>
<arg>${Start}</arg>
<arg>click element</arg>
<arg>${locator}</arg>
<doc>Runs the specified keyword and retries if it fails.</doc>
<kw name="Click Element" library="SeleniumLibrary">
<arg>${locator}</arg>
<doc>Click the element identified by ``locator``.</doc>
<msg timestamp="20220715 11:10:55.006" level="INFO">Clicking element '//input[@id='denom__id']'.</msg>
<status status="PASS" starttime="20220715 11:10:55.006" endtime="20220715 11:10:55.077"/>
</kw>
<status status="PASS" starttime="20220715 11:10:55.006" endtime="20220715 11:10:55.077"/>
</kw>
<status status="PASS" starttime="20220715 11:10:54.871" endtime="20220715 11:10:55.077"/>
</kw>
<kw name="Run Keyword If" library="BuiltIn">
<arg>'${value}' == 'nan'</arg>
<arg>Log To Console</arg>
<arg>NANACONDITION</arg>
<arg>ELSE IF</arg>
<arg>'${value}' == 'BLANK'</arg>
<arg>Wait Until Keyword Succeeds</arg>
<arg>${TimeOut}</arg>
<arg>${Start}</arg>
<arg>input text</arg>
<arg>${locator}</arg>
<arg>\</arg>
<arg>ELSE</arg>
<arg>Wait Until Keyword Succeeds</arg>
<arg>${TimeOut}</arg>
<arg>${Start}</arg>
<arg>input text</arg>
<arg>${locator}</arg>
<arg>${value}</arg>
<doc>Runs the given keyword with the given arguments, if ``condition`` is true.</doc>
<kw name="Wait Until Keyword Succeeds" library="BuiltIn">
<arg>${TimeOut}</arg>
<arg>${Start}</arg>
<arg>input text</arg>
<arg>${locator}</arg>
<arg>${value}</arg>
<doc>Runs the specified keyword and retries if it fails.</doc>
<kw name="Input Text" library="SeleniumLibrary">
<arg>${locator}</arg>
<arg>${value}</arg>
<doc>Types the given ``text`` into the text field identified by ``locator``.</doc>
<msg timestamp="20220715 11:10:55.080" level="INFO">Typing text '29000' into text field '//input[@id='denom__id']'.</msg>
<status status="PASS" starttime="20220715 11:10:55.080" endtime="20220715 11:10:55.210"/>
</kw>
<status status="PASS" starttime="20220715 11:10:55.077" endtime="20220715 11:10:55.210"/>
</kw>
<status status="PASS" starttime="20220715 11:10:55.077" endtime="20220715 11:10:55.210"/>
</kw>
<status status="PASS" starttime="20220715 11:10:54.871" endtime="20220715 11:10:55.210"/>
</kw>
<kw name="Sleep" library="BuiltIn">
<arg>3s</arg>
<doc>Pauses the test executed for the given time.</doc>
<msg timestamp="20220715 11:10:58.220" level="INFO">Slept 3 seconds</msg>
<status status="PASS" starttime="20220715 11:10:55.210" endtime="20220715 11:10:58.220"/>
</kw>
<kw name="Click Item" library="Common">
<arg>${ISIPulsaDetailsPage}[RPValueAddButton]</arg>
<kw name="Verify elements is visible and displayed" library="Common">
<arg>${locator}</arg>
<doc>Keyword to verify locator is enabled and visibled on a page.</doc>
<kw name="Wait Until Element Is Enabled" library="SeleniumLibrary">
<arg>${locator}</arg>
<arg>timeout=60</arg>
<doc>Waits until the element ``locator`` is enabled.</doc>
<status status="PASS" starttime="20220715 11:10:58.220" endtime="20220715 11:10:58.279"/>
</kw>
<kw name="Wait Until Element Is Visible" library="SeleniumLibrary">
<arg>${locator}</arg>
<arg>timeout=60</arg>
<doc>Waits until the element ``locator`` is visible.</doc>
<status status="PASS" starttime="20220715 11:10:58.279" endtime="20220715 11:10:58.320"/>
</kw>
<kw name="Page Should Contain Element" library="SeleniumLibrary">
<arg>${locator}</arg>
<arg>timeout=60</arg>
<doc>Verifies that element ``locator`` is found on the current page.</doc>
<msg timestamp="20220715 11:10:58.334" level="INFO">Current page contains element '//div[text()=' Add']'.</msg>
<status status="PASS" starttime="20220715 11:10:58.320" endtime="20220715 11:10:58.334"/>
</kw>
<kw name="Wait Until Keyword Succeeds" library="BuiltIn">
<arg>${TimeOut}</arg>
<arg>${Start}</arg>
<arg>wait until page contains element</arg>
<arg>${locator}</arg>
<doc>Runs the specified keyword and retries if it fails.</doc>
<kw name="Wait Until Page Contains Element" library="SeleniumLibrary">
<arg>${locator}</arg>
<doc>Waits until the element ``locator`` appears on the current page.</doc>
<status status="PASS" starttime="20220715 11:10:58.334" endtime="20220715 11:10:58.349"/>
</kw>
<status status="PASS" starttime="20220715 11:10:58.334" endtime="20220715 11:10:58.349"/>
</kw>
<status status="PASS" starttime="20220715 11:10:58.220" endtime="20220715 11:10:58.349"/>
</kw>
<kw name="Wait Until Keyword Succeeds" library="BuiltIn">
<arg>${TimeOut}</arg>
<arg>${Start}</arg>
<arg>click element</arg>
<arg>${locator}</arg>
<doc>Runs the specified keyword and retries if it fails.</doc>
<kw name="Click Element" library="SeleniumLibrary">
<arg>${locator}</arg>
<doc>Click the element identified by ``locator``.</doc>
<msg timestamp="20220715 11:10:58.349" level="INFO">Clicking element '//div[text()=' Add']'.</msg>
<status status="PASS" starttime="20220715 11:10:58.349" endtime="20220715 11:10:58.444"/>
</kw>
<status status="PASS" starttime="20220715 11:10:58.349" endtime="20220715 11:10:58.444"/>
</kw>
<status status="PASS" starttime="20220715 11:10:58.220" endtime="20220715 11:10:58.444"/>
</kw>
<kw name="Sleep" library="BuiltIn">
<arg>10s</arg>
<doc>Pauses the test executed for the given time.</doc>
<msg timestamp="20220715 11:11:08.449" level="INFO">Slept 10 seconds</msg>
<status status="PASS" starttime="20220715 11:10:58.444" endtime="20220715 11:11:08.450"/>
</kw>
<kw name="Set Dropdown3" library="Common">
<arg>${ISIPulsaDetailsPage}[PaymentTypeDropdown]</arg>
<arg>${PAYMENT_TYPE}</arg>
<kw name="Click Item" library="Common">
<arg>${dropdown}</arg>
<kw name="Verify elements is visible and displayed" library="Common">
<arg>${locator}</arg>
<doc>Keyword to verify locator is enabled and visibled on a page.</doc>
<kw name="Wait Until Element Is Enabled" library="SeleniumLibrary">
<arg>${locator}</arg>
<arg>timeout=60</arg>
<doc>Waits until the element ``locator`` is enabled.</doc>
<status status="PASS" starttime="20220715 11:11:08.450" endtime="20220715 11:11:08.500"/>
</kw>
<kw name="Wait Until Element Is Visible" library="SeleniumLibrary">
<arg>${locator}</arg>
<arg>timeout=60</arg>
<doc>Waits until the element ``locator`` is visible.</doc>
<status status="PASS" starttime="20220715 11:11:08.500" endtime="20220715 11:11:08.540"/>
</kw>
<kw name="Page Should Contain Element" library="SeleniumLibrary">
<arg>${locator}</arg>
<arg>timeout=60</arg>
<doc>Verifies that element ``locator`` is found on the current page.</doc>
<msg timestamp="20220715 11:11:08.550" level="INFO">Current page contains element '//div[@class='css-1pcexqc-container Select']'.</msg>
<status status="PASS" starttime="20220715 11:11:08.541" endtime="20220715 11:11:08.550"/>
</kw>
<kw name="Wait Until Keyword Succeeds" library="BuiltIn">
<arg>${TimeOut}</arg>
<arg>${Start}</arg>
<arg>wait until page contains element</arg>
<arg>${locator}</arg>
<doc>Runs the specified keyword and retries if it fails.</doc>
<kw name="Wait Until Page Contains Element" library="SeleniumLibrary">
<arg>${locator}</arg>
<doc>Waits until the element ``locator`` appears on the current page.</doc>
<status status="PASS" starttime="20220715 11:11:08.550" endtime="20220715 11:11:08.570"/>
</kw>
<status status="PASS" starttime="20220715 11:11:08.550" endtime="20220715 11:11:08.570"/>
</kw>
<status status="PASS" starttime="20220715 11:11:08.450" endtime="20220715 11:11:08.570"/>
</kw>
<kw name="Wait Until Keyword Succeeds" library="BuiltIn">
<arg>${TimeOut}</arg>
<arg>${Start}</arg>
<arg>click element</arg>
<arg>${locator}</arg>
<doc>Runs the specified keyword and retries if it fails.</doc>
<kw name="Click Element" library="SeleniumLibrary">
<arg>${locator}</arg>
<doc>Click the element identified by ``locator``.</doc>
<msg timestamp="20220715 11:11:08.570" level="INFO">Clicking element '//div[@class='css-1pcexqc-container Select']'.</msg>
<status status="PASS" starttime="20220715 11:11:08.570" endtime="20220715 11:11:08.660"/>
</kw>
<status status="PASS" starttime="20220715 11:11:08.570" endtime="20220715 11:11:08.660"/>
</kw>
<status status="PASS" starttime="20220715 11:11:08.450" endtime="20220715 11:11:08.660"/>
</kw>
<kw name="Execute Javascript" library="SeleniumLibrary">
<var>${bool}</var>
<arg>var a = document.querySelectorAll('input[type=radio]');for(var i=0;i&lt;a.length;i++){if(a[i].checked==true &amp;&amp; a[i].nextSibling.innerHTML.trim() === '${locator_div}') return true; else return false;}</arg>
<doc>Executes the given JavaScript code with possible arguments.</doc>
<msg timestamp="20220715 11:11:08.660" level="INFO">Executing JavaScript:
var a = document.querySelectorAll('input[type=radio]');for(var i=0;i&lt;a.length;i++){if(a[i].checked==true &amp;&amp; a[i].nextSibling.innerHTML.trim() === 'Eload Balance') return true; else return false;}
Without any arguments.</msg>
<msg timestamp="20220715 11:11:08.668" level="INFO">${bool} = None</msg>
<status status="PASS" starttime="20220715 11:11:08.660" endtime="20220715 11:11:08.668"/>
</kw>
<kw name="Log To Console" library="BuiltIn">
<arg>------------------------</arg>
<doc>Logs the given message to the console.</doc>
<status status="PASS" starttime="20220715 11:11:08.670" endtime="20220715 11:11:08.670"/>
</kw>
<kw name="Log To Console" library="BuiltIn">
<arg>${bool}</arg>
<doc>Logs the given message to the console.</doc>
<status status="PASS" starttime="20220715 11:11:08.670" endtime="20220715 11:11:08.670"/>
</kw>
<kw name="Log To Console" library="BuiltIn">
<arg>------------------------</arg>
<doc>Logs the given message to the console.</doc>
<status status="PASS" starttime="20220715 11:11:08.673" endtime="20220715 11:11:08.673"/>
</kw>
<if>
<branch type="IF" condition="not ${bool}">
<kw name="Click Item" library="Common">
<arg>//div[text()='${locator_div}']</arg>
<kw name="Verify elements is visible and displayed" library="Common">
<arg>${locator}</arg>
<doc>Keyword to verify locator is enabled and visibled on a page.</doc>
<kw name="Wait Until Element Is Enabled" library="SeleniumLibrary">
<arg>${locator}</arg>
<arg>timeout=60</arg>
<doc>Waits until the element ``locator`` is enabled.</doc>
<status status="PASS" starttime="20220715 11:11:08.673" endtime="20220715 11:11:08.730"/>
</kw>
<kw name="Wait Until Element Is Visible" library="SeleniumLibrary">
<arg>${locator}</arg>
<arg>timeout=60</arg>
<doc>Waits until the element ``locator`` is visible.</doc>
<status status="PASS" starttime="20220715 11:11:08.730" endtime="20220715 11:11:08.766"/>
</kw>
<kw name="Page Should Contain Element" library="SeleniumLibrary">
<arg>${locator}</arg>
<arg>timeout=60</arg>
<doc>Verifies that element ``locator`` is found on the current page.</doc>
<msg timestamp="20220715 11:11:08.780" level="INFO">Current page contains element '//div[text()='Eload Balance']'.</msg>
<status status="PASS" starttime="20220715 11:11:08.766" endtime="20220715 11:11:08.780"/>
</kw>
<kw name="Wait Until Keyword Succeeds" library="BuiltIn">
<arg>${TimeOut}</arg>
<arg>${Start}</arg>
<arg>wait until page contains element</arg>
<arg>${locator}</arg>
<doc>Runs the specified keyword and retries if it fails.</doc>
<kw name="Wait Until Page Contains Element" library="SeleniumLibrary">
<arg>${locator}</arg>
<doc>Waits until the element ``locator`` appears on the current page.</doc>
<status status="PASS" starttime="20220715 11:11:08.780" endtime="20220715 11:11:08.792"/>
</kw>
<status status="PASS" starttime="20220715 11:11:08.780" endtime="20220715 11:11:08.792"/>
</kw>
<status status="PASS" starttime="20220715 11:11:08.673" endtime="20220715 11:11:08.792"/>
</kw>
<kw name="Wait Until Keyword Succeeds" library="BuiltIn">
<arg>${TimeOut}</arg>
<arg>${Start}</arg>
<arg>click element</arg>
<arg>${locator}</arg>
<doc>Runs the specified keyword and retries if it fails.</doc>
<kw name="Click Element" library="SeleniumLibrary">
<arg>${locator}</arg>
<doc>Click the element identified by ``locator``.</doc>
<msg timestamp="20220715 11:11:08.792" level="INFO">Clicking element '//div[text()='Eload Balance']'.</msg>
<status status="PASS" starttime="20220715 11:11:08.792" endtime="20220715 11:11:08.891"/>
</kw>
<status status="PASS" starttime="20220715 11:11:08.792" endtime="20220715 11:11:08.891"/>
</kw>
<status status="PASS" starttime="20220715 11:11:08.673" endtime="20220715 11:11:08.891"/>
</kw>
<status status="PASS" starttime="20220715 11:11:08.673" endtime="20220715 11:11:08.891"/>
</branch>
<status status="PASS" starttime="20220715 11:11:08.673" endtime="20220715 11:11:08.891"/>
</if>
<status status="PASS" starttime="20220715 11:11:08.450" endtime="20220715 11:11:08.891"/>
</kw>
<kw name="Sleep" library="BuiltIn">
<arg>10s</arg>
<doc>Pauses the test executed for the given time.</doc>
<msg timestamp="20220715 11:11:18.899" level="INFO">Slept 10 seconds</msg>
<status status="PASS" starttime="20220715 11:11:08.891" endtime="20220715 11:11:18.899"/>
</kw>
<kw name="Click Item" library="Common">
<arg>${ISIPulsaDetailsPage}[FinalProccedButton]</arg>
<kw name="Verify elements is visible and displayed" library="Common">
<arg>${locator}</arg>
<doc>Keyword to verify locator is enabled and visibled on a page.</doc>
<kw name="Wait Until Element Is Enabled" library="SeleniumLibrary">
<arg>${locator}</arg>
<arg>timeout=60</arg>
<doc>Waits until the element ``locator`` is enabled.</doc>
<status status="PASS" starttime="20220715 11:11:18.900" endtime="20220715 11:11:18.960"/>
</kw>
<kw name="Wait Until Element Is Visible" library="SeleniumLibrary">
<arg>${locator}</arg>
<arg>timeout=60</arg>
<doc>Waits until the element ``locator`` is visible.</doc>
<status status="PASS" starttime="20220715 11:11:18.960" endtime="20220715 11:11:18.997"/>
</kw>
<kw name="Page Should Contain Element" library="SeleniumLibrary">
<arg>${locator}</arg>
<arg>timeout=60</arg>
<doc>Verifies that element ``locator`` is found on the current page.</doc>
<msg timestamp="20220715 11:11:19.010" level="INFO">Current page contains element '(//div[text()=' Proceed'])[2]'.</msg>
<status status="PASS" starttime="20220715 11:11:18.997" endtime="20220715 11:11:19.010"/>
</kw>
<kw name="Wait Until Keyword Succeeds" library="BuiltIn">
<arg>${TimeOut}</arg>
<arg>${Start}</arg>
<arg>wait until page contains element</arg>
<arg>${locator}</arg>
<doc>Runs the specified keyword and retries if it fails.</doc>
<kw name="Wait Until Page Contains Element" library="SeleniumLibrary">
<arg>${locator}</arg>
<doc>Waits until the element ``locator`` appears on the current page.</doc>
<status status="PASS" starttime="20220715 11:11:19.010" endtime="20220715 11:11:19.021"/>
</kw>
<status status="PASS" starttime="20220715 11:11:19.010" endtime="20220715 11:11:19.021"/>
</kw>
<status status="PASS" starttime="20220715 11:11:18.900" endtime="20220715 11:11:19.021"/>
</kw>
<kw name="Wait Until Keyword Succeeds" library="BuiltIn">
<arg>${TimeOut}</arg>
<arg>${Start}</arg>
<arg>click element</arg>
<arg>${locator}</arg>
<doc>Runs the specified keyword and retries if it fails.</doc>
<kw name="Click Element" library="SeleniumLibrary">
<arg>${locator}</arg>
<doc>Click the element identified by ``locator``.</doc>
<msg timestamp="20220715 11:11:19.021" level="INFO">Clicking element '(//div[text()=' Proceed'])[2]'.</msg>
<status status="PASS" starttime="20220715 11:11:19.021" endtime="20220715 11:11:19.120"/>
</kw>
<status status="PASS" starttime="20220715 11:11:19.021" endtime="20220715 11:11:19.120"/>
</kw>
<status status="PASS" starttime="20220715 11:11:18.900" endtime="20220715 11:11:19.120"/>
</kw>
<kw name="Set Input" library="Common">
<arg>${ISIPulsaDetailsPage}[PINDigit1]</arg>
<arg>${PIN_NUMBER_DIGIT1}</arg>
<kw name="Click Item" library="Common">
<arg>${locator}</arg>
<kw name="Verify elements is visible and displayed" library="Common">
<arg>${locator}</arg>
<doc>Keyword to verify locator is enabled and visibled on a page.</doc>
<kw name="Wait Until Element Is Enabled" library="SeleniumLibrary">
<arg>${locator}</arg>
<arg>timeout=60</arg>
<doc>Waits until the element ``locator`` is enabled.</doc>
<status status="PASS" starttime="20220715 11:11:19.120" endtime="20220715 11:11:19.185"/>
</kw>
<kw name="Wait Until Element Is Visible" library="SeleniumLibrary">
<arg>${locator}</arg>
<arg>timeout=60</arg>
<doc>Waits until the element ``locator`` is visible.</doc>
<status status="PASS" starttime="20220715 11:11:19.186" endtime="20220715 11:11:19.222"/>
</kw>
<kw name="Page Should Contain Element" library="SeleniumLibrary">
<arg>${locator}</arg>
<arg>timeout=60</arg>
<doc>Verifies that element ``locator`` is found on the current page.</doc>
<msg timestamp="20220715 11:11:19.240" level="INFO">Current page contains element '//input[@aria-label='Please enter verification code. Digit 1']'.</msg>
<status status="PASS" starttime="20220715 11:11:19.222" endtime="20220715 11:11:19.240"/>
</kw>
<kw name="Wait Until Keyword Succeeds" library="BuiltIn">
<arg>${TimeOut}</arg>
<arg>${Start}</arg>
<arg>wait until page contains element</arg>
<arg>${locator}</arg>
<doc>Runs the specified keyword and retries if it fails.</doc>
<kw name="Wait Until Page Contains Element" library="SeleniumLibrary">
<arg>${locator}</arg>
<doc>Waits until the element ``locator`` appears on the current page.</doc>
<status status="PASS" starttime="20220715 11:11:19.240" endtime="20220715 11:11:19.260"/>
</kw>
<status status="PASS" starttime="20220715 11:11:19.240" endtime="20220715 11:11:19.260"/>
</kw>
<status status="PASS" starttime="20220715 11:11:19.120" endtime="20220715 11:11:19.260"/>
</kw>
<kw name="Wait Until Keyword Succeeds" library="BuiltIn">
<arg>${TimeOut}</arg>
<arg>${Start}</arg>
<arg>click element</arg>
<arg>${locator}</arg>
<doc>Runs the specified keyword and retries if it fails.</doc>
<kw name="Click Element" library="SeleniumLibrary">
<arg>${locator}</arg>
<doc>Click the element identified by ``locator``.</doc>
<msg timestamp="20220715 11:11:19.260" level="INFO">Clicking element '//input[@aria-label='Please enter verification code. Digit 1']'.</msg>
<status status="PASS" starttime="20220715 11:11:19.260" endtime="20220715 11:11:19.369"/>
</kw>
<status status="PASS" starttime="20220715 11:11:19.260" endtime="20220715 11:11:19.369"/>
</kw>
<status status="PASS" starttime="20220715 11:11:19.120" endtime="20220715 11:11:19.370"/>
</kw>
<kw name="Run Keyword If" library="BuiltIn">
<arg>'${value}' == 'nan'</arg>
<arg>Log To Console</arg>
<arg>NANACONDITION</arg>
<arg>ELSE IF</arg>
<arg>'${value}' == 'BLANK'</arg>
<arg>Wait Until Keyword Succeeds</arg>
<arg>${TimeOut}</arg>
<arg>${Start}</arg>
<arg>input text</arg>
<arg>${locator}</arg>
<arg>\</arg>
<arg>ELSE</arg>
<arg>Wait Until Keyword Succeeds</arg>
<arg>${TimeOut}</arg>
<arg>${Start}</arg>
<arg>input text</arg>
<arg>${locator}</arg>
<arg>${value}</arg>
<doc>Runs the given keyword with the given arguments, if ``condition`` is true.</doc>
<kw name="Wait Until Keyword Succeeds" library="BuiltIn">
<arg>${TimeOut}</arg>
<arg>${Start}</arg>
<arg>input text</arg>
<arg>${locator}</arg>
<arg>${value}</arg>
<doc>Runs the specified keyword and retries if it fails.</doc>
<kw name="Input Text" library="SeleniumLibrary">
<arg>${locator}</arg>
<arg>${value}</arg>
<doc>Types the given ``text`` into the text field identified by ``locator``.</doc>
<msg timestamp="20220715 11:11:19.374" level="INFO">Typing text '2' into text field '//input[@aria-label='Please enter verification code. Digit 1']'.</msg>
<status status="PASS" starttime="20220715 11:11:19.374" endtime="20220715 11:11:19.512"/>
</kw>
<status status="PASS" starttime="20220715 11:11:19.370" endtime="20220715 11:11:19.512"/>
</kw>
<status status="PASS" starttime="20220715 11:11:19.370" endtime="20220715 11:11:19.512"/>
</kw>
<status status="PASS" starttime="20220715 11:11:19.120" endtime="20220715 11:11:19.512"/>
</kw>
<kw name="Set Input" library="Common">
<arg>${ISIPulsaDetailsPage}[PINDigit2]</arg>
<arg>${PIN_NUMBER_DIGIT2}</arg>
<kw name="Click Item" library="Common">
<arg>${locator}</arg>
<kw name="Verify elements is visible and displayed" library="Common">
<arg>${locator}</arg>
<doc>Keyword to verify locator is enabled and visibled on a page.</doc>
<kw name="Wait Until Element Is Enabled" library="SeleniumLibrary">
<arg>${locator}</arg>
<arg>timeout=60</arg>
<doc>Waits until the element ``locator`` is enabled.</doc>
<status status="PASS" starttime="20220715 11:11:19.512" endtime="20220715 11:11:19.559"/>
</kw>
<kw name="Wait Until Element Is Visible" library="SeleniumLibrary">
<arg>${locator}</arg>
<arg>timeout=60</arg>
<doc>Waits until the element ``locator`` is visible.</doc>
<status status="PASS" starttime="20220715 11:11:19.559" endtime="20220715 11:11:19.607"/>
</kw>
<kw name="Page Should Contain Element" library="SeleniumLibrary">
<arg>${locator}</arg>
<arg>timeout=60</arg>
<doc>Verifies that element ``locator`` is found on the current page.</doc>
<msg timestamp="20220715 11:11:19.621" level="INFO">Current page contains element '//input[@aria-label='Digit 2']'.</msg>
<status status="PASS" starttime="20220715 11:11:19.607" endtime="20220715 11:11:19.621"/>
</kw>
<kw name="Wait Until Keyword Succeeds" library="BuiltIn">
<arg>${TimeOut}</arg>
<arg>${Start}</arg>
<arg>wait until page contains element</arg>
<arg>${locator}</arg>
<doc>Runs the specified keyword and retries if it fails.</doc>
<kw name="Wait Until Page Contains Element" library="SeleniumLibrary">
<arg>${locator}</arg>
<doc>Waits until the element ``locator`` appears on the current page.</doc>
<status status="PASS" starttime="20220715 11:11:19.621" endtime="20220715 11:11:19.640"/>
</kw>
<status status="PASS" starttime="20220715 11:11:19.621" endtime="20220715 11:11:19.640"/>
</kw>
<status status="PASS" starttime="20220715 11:11:19.512" endtime="20220715 11:11:19.640"/>
</kw>
<kw name="Wait Until Keyword Succeeds" library="BuiltIn">
<arg>${TimeOut}</arg>
<arg>${Start}</arg>
<arg>click element</arg>
<arg>${locator}</arg>
<doc>Runs the specified keyword and retries if it fails.</doc>
<kw name="Click Element" library="SeleniumLibrary">
<arg>${locator}</arg>
<doc>Click the element identified by ``locator``.</doc>
<msg timestamp="20220715 11:11:19.640" level="INFO">Clicking element '//input[@aria-label='Digit 2']'.</msg>
<status status="PASS" starttime="20220715 11:11:19.640" endtime="20220715 11:11:19.721"/>
</kw>
<status status="PASS" starttime="20220715 11:11:19.640" endtime="20220715 11:11:19.721"/>
</kw>
<status status="PASS" starttime="20220715 11:11:19.512" endtime="20220715 11:11:19.721"/>
</kw>
<kw name="Run Keyword If" library="BuiltIn">
<arg>'${value}' == 'nan'</arg>
<arg>Log To Console</arg>
<arg>NANACONDITION</arg>
<arg>ELSE IF</arg>
<arg>'${value}' == 'BLANK'</arg>
<arg>Wait Until Keyword Succeeds</arg>
<arg>${TimeOut}</arg>
<arg>${Start}</arg>
<arg>input text</arg>
<arg>${locator}</arg>
<arg>\</arg>
<arg>ELSE</arg>
<arg>Wait Until Keyword Succeeds</arg>
<arg>${TimeOut}</arg>
<arg>${Start}</arg>
<arg>input text</arg>
<arg>${locator}</arg>
<arg>${value}</arg>
<doc>Runs the given keyword with the given arguments, if ``condition`` is true.</doc>
<kw name="Wait Until Keyword Succeeds" library="BuiltIn">
<arg>${TimeOut}</arg>
<arg>${Start}</arg>
<arg>input text</arg>
<arg>${locator}</arg>
<arg>${value}</arg>
<doc>Runs the specified keyword and retries if it fails.</doc>
<kw name="Input Text" library="SeleniumLibrary">
<arg>${locator}</arg>
<arg>${value}</arg>
<doc>Types the given ``text`` into the text field identified by ``locator``.</doc>
<msg timestamp="20220715 11:11:19.727" level="INFO">Typing text '5' into text field '//input[@aria-label='Digit 2']'.</msg>
<status status="PASS" starttime="20220715 11:11:19.727" endtime="20220715 11:11:19.840"/>
</kw>
<status status="PASS" starttime="20220715 11:11:19.727" endtime="20220715 11:11:19.840"/>
</kw>
<status status="PASS" starttime="20220715 11:11:19.721" endtime="20220715 11:11:19.840"/>
</kw>
<status status="PASS" starttime="20220715 11:11:19.512" endtime="20220715 11:11:19.840"/>
</kw>
<kw name="Set Input" library="Common">
<arg>${ISIPulsaDetailsPage}[PINDigit3]</arg>
<arg>${PIN_NUMBER_DIGIT3}</arg>
<kw name="Click Item" library="Common">
<arg>${locator}</arg>
<kw name="Verify elements is visible and displayed" library="Common">
<arg>${locator}</arg>
<doc>Keyword to verify locator is enabled and visibled on a page.</doc>
<kw name="Wait Until Element Is Enabled" library="SeleniumLibrary">
<arg>${locator}</arg>
<arg>timeout=60</arg>
<doc>Waits until the element ``locator`` is enabled.</doc>
<status status="PASS" starttime="20220715 11:11:19.840" endtime="20220715 11:11:19.910"/>
</kw>
<kw name="Wait Until Element Is Visible" library="SeleniumLibrary">
<arg>${locator}</arg>
<arg>timeout=60</arg>
<doc>Waits until the element ``locator`` is visible.</doc>
<status status="PASS" starttime="20220715 11:11:19.910" endtime="20220715 11:11:19.950"/>
</kw>
<kw name="Page Should Contain Element" library="SeleniumLibrary">
<arg>${locator}</arg>
<arg>timeout=60</arg>
<doc>Verifies that element ``locator`` is found on the current page.</doc>
<msg timestamp="20220715 11:11:19.969" level="INFO">Current page contains element '//input[@aria-label='Digit 3']'.</msg>
<status status="PASS" starttime="20220715 11:11:19.950" endtime="20220715 11:11:19.969"/>
</kw>
<kw name="Wait Until Keyword Succeeds" library="BuiltIn">
<arg>${TimeOut}</arg>
<arg>${Start}</arg>
<arg>wait until page contains element</arg>
<arg>${locator}</arg>
<doc>Runs the specified keyword and retries if it fails.</doc>
<kw name="Wait Until Page Contains Element" library="SeleniumLibrary">
<arg>${locator}</arg>
<doc>Waits until the element ``locator`` appears on the current page.</doc>
<status status="PASS" starttime="20220715 11:11:19.969" endtime="20220715 11:11:19.986"/>
</kw>
<status status="PASS" starttime="20220715 11:11:19.969" endtime="20220715 11:11:19.986"/>
</kw>
<status status="PASS" starttime="20220715 11:11:19.840" endtime="20220715 11:11:19.986"/>
</kw>
<kw name="Wait Until Keyword Succeeds" library="BuiltIn">
<arg>${TimeOut}</arg>
<arg>${Start}</arg>
<arg>click element</arg>
<arg>${locator}</arg>
<doc>Runs the specified keyword and retries if it fails.</doc>
<kw name="Click Element" library="SeleniumLibrary">
<arg>${locator}</arg>
<doc>Click the element identified by ``locator``.</doc>
<msg timestamp="20220715 11:11:19.986" level="INFO">Clicking element '//input[@aria-label='Digit 3']'.</msg>
<status status="PASS" starttime="20220715 11:11:19.986" endtime="20220715 11:11:20.060"/>
</kw>
<status status="PASS" starttime="20220715 11:11:19.986" endtime="20220715 11:11:20.060"/>
</kw>
<status status="PASS" starttime="20220715 11:11:19.840" endtime="20220715 11:11:20.060"/>
</kw>
<kw name="Run Keyword If" library="BuiltIn">
<arg>'${value}' == 'nan'</arg>
<arg>Log To Console</arg>
<arg>NANACONDITION</arg>
<arg>ELSE IF</arg>
<arg>'${value}' == 'BLANK'</arg>
<arg>Wait Until Keyword Succeeds</arg>
<arg>${TimeOut}</arg>
<arg>${Start}</arg>
<arg>input text</arg>
<arg>${locator}</arg>
<arg>\</arg>
<arg>ELSE</arg>
<arg>Wait Until Keyword Succeeds</arg>
<arg>${TimeOut}</arg>
<arg>${Start}</arg>
<arg>input text</arg>
<arg>${locator}</arg>
<arg>${value}</arg>
<doc>Runs the given keyword with the given arguments, if ``condition`` is true.</doc>
<kw name="Wait Until Keyword Succeeds" library="BuiltIn">
<arg>${TimeOut}</arg>
<arg>${Start}</arg>
<arg>input text</arg>
<arg>${locator}</arg>
<arg>${value}</arg>
<doc>Runs the specified keyword and retries if it fails.</doc>
<kw name="Input Text" library="SeleniumLibrary">
<arg>${locator}</arg>
<arg>${value}</arg>
<doc>Types the given ``text`` into the text field identified by ``locator``.</doc>
<msg timestamp="20220715 11:11:20.060" level="INFO">Typing text '6' into text field '//input[@aria-label='Digit 3']'.</msg>
<status status="PASS" starttime="20220715 11:11:20.060" endtime="20220715 11:11:20.170"/>
</kw>
<status status="PASS" starttime="20220715 11:11:20.060" endtime="20220715 11:11:20.170"/>
</kw>
<status status="PASS" starttime="20220715 11:11:20.060" endtime="20220715 11:11:20.170"/>
</kw>
<status status="PASS" starttime="20220715 11:11:19.840" endtime="20220715 11:11:20.170"/>
</kw>
<kw name="Set Input" library="Common">
<arg>${ISIPulsaDetailsPage}[PINDigit4]</arg>
<arg>${PIN_NUMBER_DIGIT4}</arg>
<kw name="Click Item" library="Common">
<arg>${locator}</arg>
<kw name="Verify elements is visible and displayed" library="Common">
<arg>${locator}</arg>
<doc>Keyword to verify locator is enabled and visibled on a page.</doc>
<kw name="Wait Until Element Is Enabled" library="SeleniumLibrary">
<arg>${locator}</arg>
<arg>timeout=60</arg>
<doc>Waits until the element ``locator`` is enabled.</doc>
<status status="PASS" starttime="20220715 11:11:20.170" endtime="20220715 11:11:20.229"/>
</kw>
<kw name="Wait Until Element Is Visible" library="SeleniumLibrary">
<arg>${locator}</arg>
<arg>timeout=60</arg>
<doc>Waits until the element ``locator`` is visible.</doc>
<status status="PASS" starttime="20220715 11:11:20.229" endtime="20220715 11:11:20.269"/>
</kw>
<kw name="Page Should Contain Element" library="SeleniumLibrary">
<arg>${locator}</arg>
<arg>timeout=60</arg>
<doc>Verifies that element ``locator`` is found on the current page.</doc>
<msg timestamp="20220715 11:11:20.290" level="INFO">Current page contains element '//input[@aria-label='Digit 4']'.</msg>
<status status="PASS" starttime="20220715 11:11:20.269" endtime="20220715 11:11:20.290"/>
</kw>
<kw name="Wait Until Keyword Succeeds" library="BuiltIn">
<arg>${TimeOut}</arg>
<arg>${Start}</arg>
<arg>wait until page contains element</arg>
<arg>${locator}</arg>
<doc>Runs the specified keyword and retries if it fails.</doc>
<kw name="Wait Until Page Contains Element" library="SeleniumLibrary">
<arg>${locator}</arg>
<doc>Waits until the element ``locator`` appears on the current page.</doc>
<status status="PASS" starttime="20220715 11:11:20.290" endtime="20220715 11:11:20.310"/>
</kw>
<status status="PASS" starttime="20220715 11:11:20.290" endtime="20220715 11:11:20.310"/>
</kw>
<status status="PASS" starttime="20220715 11:11:20.170" endtime="20220715 11:11:20.310"/>
</kw>
<kw name="Wait Until Keyword Succeeds" library="BuiltIn">
<arg>${TimeOut}</arg>
<arg>${Start}</arg>
<arg>click element</arg>
<arg>${locator}</arg>
<doc>Runs the specified keyword and retries if it fails.</doc>
<kw name="Click Element" library="SeleniumLibrary">
<arg>${locator}</arg>
<doc>Click the element identified by ``locator``.</doc>
<msg timestamp="20220715 11:11:20.310" level="INFO">Clicking element '//input[@aria-label='Digit 4']'.</msg>
<status status="PASS" starttime="20220715 11:11:20.310" endtime="20220715 11:11:20.391"/>
</kw>
<status status="PASS" starttime="20220715 11:11:20.310" endtime="20220715 11:11:20.391"/>
</kw>
<status status="PASS" starttime="20220715 11:11:20.170" endtime="20220715 11:11:20.391"/>
</kw>
<kw name="Run Keyword If" library="BuiltIn">
<arg>'${value}' == 'nan'</arg>
<arg>Log To Console</arg>
<arg>NANACONDITION</arg>
<arg>ELSE IF</arg>
<arg>'${value}' == 'BLANK'</arg>
<arg>Wait Until Keyword Succeeds</arg>
<arg>${TimeOut}</arg>
<arg>${Start}</arg>
<arg>input text</arg>
<arg>${locator}</arg>
<arg>\</arg>
<arg>ELSE</arg>
<arg>Wait Until Keyword Succeeds</arg>
<arg>${TimeOut}</arg>
<arg>${Start}</arg>
<arg>input text</arg>
<arg>${locator}</arg>
<arg>${value}</arg>
<doc>Runs the given keyword with the given arguments, if ``condition`` is true.</doc>
<kw name="Wait Until Keyword Succeeds" library="BuiltIn">
<arg>${TimeOut}</arg>
<arg>${Start}</arg>
<arg>input text</arg>
<arg>${locator}</arg>
<arg>${value}</arg>
<doc>Runs the specified keyword and retries if it fails.</doc>
<kw name="Input Text" library="SeleniumLibrary">
<arg>${locator}</arg>
<arg>${value}</arg>
<doc>Types the given ``text`` into the text field identified by ``locator``.</doc>
<msg timestamp="20220715 11:11:20.391" level="INFO">Typing text '0' into text field '//input[@aria-label='Digit 4']'.</msg>
<status status="PASS" starttime="20220715 11:11:20.391" endtime="20220715 11:11:20.500"/>
</kw>
<status status="PASS" starttime="20220715 11:11:20.391" endtime="20220715 11:11:20.500"/>
</kw>
<status status="PASS" starttime="20220715 11:11:20.391" endtime="20220715 11:11:20.500"/>
</kw>
<status status="PASS" starttime="20220715 11:11:20.170" endtime="20220715 11:11:20.500"/>
</kw>
<kw name="Set Input" library="Common">
<arg>${ISIPulsaDetailsPage}[PINDigit5]</arg>
<arg>${PIN_NUMBER_DIGIT5}</arg>
<kw name="Click Item" library="Common">
<arg>${locator}</arg>
<kw name="Verify elements is visible and displayed" library="Common">
<arg>${locator}</arg>
<doc>Keyword to verify locator is enabled and visibled on a page.</doc>
<kw name="Wait Until Element Is Enabled" library="SeleniumLibrary">
<arg>${locator}</arg>
<arg>timeout=60</arg>
<doc>Waits until the element ``locator`` is enabled.</doc>
<status status="PASS" starttime="20220715 11:11:20.505" endtime="20220715 11:11:20.567"/>
</kw>
<kw name="Wait Until Element Is Visible" library="SeleniumLibrary">
<arg>${locator}</arg>
<arg>timeout=60</arg>
<doc>Waits until the element ``locator`` is visible.</doc>
<status status="PASS" starttime="20220715 11:11:20.567" endtime="20220715 11:11:20.610"/>
</kw>
<kw name="Page Should Contain Element" library="SeleniumLibrary">
<arg>${locator}</arg>
<arg>timeout=60</arg>
<doc>Verifies that element ``locator`` is found on the current page.</doc>
<msg timestamp="20220715 11:11:20.629" level="INFO">Current page contains element '//input[@aria-label='Digit 5']'.</msg>
<status status="PASS" starttime="20220715 11:11:20.610" endtime="20220715 11:11:20.629"/>
</kw>
<kw name="Wait Until Keyword Succeeds" library="BuiltIn">
<arg>${TimeOut}</arg>
<arg>${Start}</arg>
<arg>wait until page contains element</arg>
<arg>${locator}</arg>
<doc>Runs the specified keyword and retries if it fails.</doc>
<kw name="Wait Until Page Contains Element" library="SeleniumLibrary">
<arg>${locator}</arg>
<doc>Waits until the element ``locator`` appears on the current page.</doc>
<status status="PASS" starttime="20220715 11:11:20.629" endtime="20220715 11:11:20.650"/>
</kw>
<status status="PASS" starttime="20220715 11:11:20.629" endtime="20220715 11:11:20.650"/>
</kw>
<status status="PASS" starttime="20220715 11:11:20.505" endtime="20220715 11:11:20.650"/>
</kw>
<kw name="Wait Until Keyword Succeeds" library="BuiltIn">
<arg>${TimeOut}</arg>
<arg>${Start}</arg>
<arg>click element</arg>
<arg>${locator}</arg>
<doc>Runs the specified keyword and retries if it fails.</doc>
<kw name="Click Element" library="SeleniumLibrary">
<arg>${locator}</arg>
<doc>Click the element identified by ``locator``.</doc>
<msg timestamp="20220715 11:11:20.650" level="INFO">Clicking element '//input[@aria-label='Digit 5']'.</msg>
<status status="PASS" starttime="20220715 11:11:20.650" endtime="20220715 11:11:20.730"/>
</kw>
<status status="PASS" starttime="20220715 11:11:20.650" endtime="20220715 11:11:20.730"/>
</kw>
<status status="PASS" starttime="20220715 11:11:20.505" endtime="20220715 11:11:20.739"/>
</kw>
<kw name="Run Keyword If" library="BuiltIn">
<arg>'${value}' == 'nan'</arg>
<arg>Log To Console</arg>
<arg>NANACONDITION</arg>
<arg>ELSE IF</arg>
<arg>'${value}' == 'BLANK'</arg>
<arg>Wait Until Keyword Succeeds</arg>
<arg>${TimeOut}</arg>
<arg>${Start}</arg>
<arg>input text</arg>
<arg>${locator}</arg>
<arg>\</arg>
<arg>ELSE</arg>
<arg>Wait Until Keyword Succeeds</arg>
<arg>${TimeOut}</arg>
<arg>${Start}</arg>
<arg>input text</arg>
<arg>${locator}</arg>
<arg>${value}</arg>
<doc>Runs the given keyword with the given arguments, if ``condition`` is true.</doc>
<kw name="Wait Until Keyword Succeeds" library="BuiltIn">
<arg>${TimeOut}</arg>
<arg>${Start}</arg>
<arg>input text</arg>
<arg>${locator}</arg>
<arg>${value}</arg>
<doc>Runs the specified keyword and retries if it fails.</doc>
<kw name="Input Text" library="SeleniumLibrary">
<arg>${locator}</arg>
<arg>${value}</arg>
<doc>Types the given ``text`` into the text field identified by ``locator``.</doc>
<msg timestamp="20220715 11:11:20.739" level="INFO">Typing text '9' into text field '//input[@aria-label='Digit 5']'.</msg>
<status status="PASS" starttime="20220715 11:11:20.739" endtime="20220715 11:11:20.850"/>
</kw>
<status status="PASS" starttime="20220715 11:11:20.739" endtime="20220715 11:11:20.850"/>
</kw>
<status status="PASS" starttime="20220715 11:11:20.739" endtime="20220715 11:11:20.850"/>
</kw>
<status status="PASS" starttime="20220715 11:11:20.500" endtime="20220715 11:11:20.850"/>
</kw>
<kw name="Set Input" library="Common">
<arg>${ISIPulsaDetailsPage}[PINDigit6]</arg>
<arg>${PIN_NUMBER_DIGIT6}</arg>
<kw name="Click Item" library="Common">
<arg>${locator}</arg>
<kw name="Verify elements is visible and displayed" library="Common">
<arg>${locator}</arg>
<doc>Keyword to verify locator is enabled and visibled on a page.</doc>
<kw name="Wait Until Element Is Enabled" library="SeleniumLibrary">
<arg>${locator}</arg>
<arg>timeout=60</arg>
<doc>Waits until the element ``locator`` is enabled.</doc>
<status status="PASS" starttime="20220715 11:11:20.850" endtime="20220715 11:11:20.910"/>
</kw>
<kw name="Wait Until Element Is Visible" library="SeleniumLibrary">
<arg>${locator}</arg>
<arg>timeout=60</arg>
<doc>Waits until the element ``locator`` is visible.</doc>
<status status="PASS" starttime="20220715 11:11:20.910" endtime="20220715 11:11:20.941"/>
</kw>
<kw name="Page Should Contain Element" library="SeleniumLibrary">
<arg>${locator}</arg>
<arg>timeout=60</arg>
<doc>Verifies that element ``locator`` is found on the current page.</doc>
<msg timestamp="20220715 11:11:20.960" level="INFO">Current page contains element '//input[@aria-label='Digit 6']'.</msg>
<status status="PASS" starttime="20220715 11:11:20.941" endtime="20220715 11:11:20.960"/>
</kw>
<kw name="Wait Until Keyword Succeeds" library="BuiltIn">
<arg>${TimeOut}</arg>
<arg>${Start}</arg>
<arg>wait until page contains element</arg>
<arg>${locator}</arg>
<doc>Runs the specified keyword and retries if it fails.</doc>
<kw name="Wait Until Page Contains Element" library="SeleniumLibrary">
<arg>${locator}</arg>
<doc>Waits until the element ``locator`` appears on the current page.</doc>
<status status="PASS" starttime="20220715 11:11:20.960" endtime="20220715 11:11:20.980"/>
</kw>
<status status="PASS" starttime="20220715 11:11:20.960" endtime="20220715 11:11:20.980"/>
</kw>
<status status="PASS" starttime="20220715 11:11:20.850" endtime="20220715 11:11:20.980"/>
</kw>
<kw name="Wait Until Keyword Succeeds" library="BuiltIn">
<arg>${TimeOut}</arg>
<arg>${Start}</arg>
<arg>click element</arg>
<arg>${locator}</arg>
<doc>Runs the specified keyword and retries if it fails.</doc>
<kw name="Click Element" library="SeleniumLibrary">
<arg>${locator}</arg>
<doc>Click the element identified by ``locator``.</doc>
<msg timestamp="20220715 11:11:20.980" level="INFO">Clicking element '//input[@aria-label='Digit 6']'.</msg>
<status status="PASS" starttime="20220715 11:11:20.980" endtime="20220715 11:11:21.060"/>
</kw>
<status status="PASS" starttime="20220715 11:11:20.980" endtime="20220715 11:11:21.060"/>
</kw>
<status status="PASS" starttime="20220715 11:11:20.850" endtime="20220715 11:11:21.060"/>
</kw>
<kw name="Run Keyword If" library="BuiltIn">
<arg>'${value}' == 'nan'</arg>
<arg>Log To Console</arg>
<arg>NANACONDITION</arg>
<arg>ELSE IF</arg>
<arg>'${value}' == 'BLANK'</arg>
<arg>Wait Until Keyword Succeeds</arg>
<arg>${TimeOut}</arg>
<arg>${Start}</arg>
<arg>input text</arg>
<arg>${locator}</arg>
<arg>\</arg>
<arg>ELSE</arg>
<arg>Wait Until Keyword Succeeds</arg>
<arg>${TimeOut}</arg>
<arg>${Start}</arg>
<arg>input text</arg>
<arg>${locator}</arg>
<arg>${value}</arg>
<doc>Runs the given keyword with the given arguments, if ``condition`` is true.</doc>
<kw name="Wait Until Keyword Succeeds" library="BuiltIn">
<arg>${TimeOut}</arg>
<arg>${Start}</arg>
<arg>input text</arg>
<arg>${locator}</arg>
<arg>${value}</arg>
<doc>Runs the specified keyword and retries if it fails.</doc>
<kw name="Input Text" library="SeleniumLibrary">
<arg>${locator}</arg>
<arg>${value}</arg>
<doc>Types the given ``text`` into the text field identified by ``locator``.</doc>
<msg timestamp="20220715 11:11:21.060" level="INFO">Typing text '6' into text field '//input[@aria-label='Digit 6']'.</msg>
<status status="PASS" starttime="20220715 11:11:21.060" endtime="20220715 11:11:21.170"/>
</kw>
<status status="PASS" starttime="20220715 11:11:21.060" endtime="20220715 11:11:21.170"/>
</kw>
<status status="PASS" starttime="20220715 11:11:21.060" endtime="20220715 11:11:21.170"/>
</kw>
<status status="PASS" starttime="20220715 11:11:20.850" endtime="20220715 11:11:21.170"/>
</kw>
<kw name="Click Item" library="Common">
<arg>${ISIPulsaDetailsPage}[ConfirmButton]</arg>
<kw name="Verify elements is visible and displayed" library="Common">
<arg>${locator}</arg>
<doc>Keyword to verify locator is enabled and visibled on a page.</doc>
<kw name="Wait Until Element Is Enabled" library="SeleniumLibrary">
<arg>${locator}</arg>
<arg>timeout=60</arg>
<doc>Waits until the element ``locator`` is enabled.</doc>
<status status="PASS" starttime="20220715 11:11:21.170" endtime="20220715 11:11:21.230"/>
[...]
<status status="PASS" starttime="20220715 11:12:02.240" endtime="20220715 11:12:02.350"/>
</kw>
<status status="PASS" starttime="20220715 11:12:02.240" endtime="20220715 11:12:02.350"/>
</kw>
<status status="PASS" starttime="20220715 11:12:02.070" endtime="20220715 11:12:02.350"/>
</kw>
<kw name="Run Keyword If" library="BuiltIn">
<arg>'${value}' == 'nan'</arg>
<arg>Log To Console</arg>
<arg>NANACONDITION</arg>
<arg>ELSE IF</arg>
<arg>'${value}' == 'BLANK'</arg>
<arg>Wait Until Keyword Succeeds</arg>
<arg>${TimeOut}</arg>
<arg>${Start}</arg>
<arg>input text</arg>
<arg>${locator}</arg>
<arg>\</arg>
<arg>ELSE</arg>
<arg>Wait Until Keyword Succeeds</arg>
<arg>${TimeOut}</arg>
<arg>${Start}</arg>
<arg>input text</arg>
<arg>${locator}</arg>
<arg>${value}</arg>
<doc>Runs the given keyword with the given arguments, if ``condition`` is true.</doc>
<kw name="Wait Until Keyword Succeeds" library="BuiltIn">
<arg>${TimeOut}</arg>
<arg>${Start}</arg>
<arg>input text</arg>
<arg>${locator}</arg>
<arg>${value}</arg>
<doc>Runs the specified keyword and retries if it fails.</doc>
<kw name="Input Text" library="SeleniumLibrary">
<arg>${locator}</arg>
<arg>${value}</arg>
<doc>Types the given ``text`` into the text field identified by ``locator``.</doc>
<msg timestamp="20220715 11:12:02.355" level="INFO">Typing text '9' into text field '//input[@aria-label='Digit 5']'.</msg>
<status status="PASS" starttime="20220715 11:12:02.350" endtime="20220715 11:12:02.500"/>
</kw>
<status status="PASS" starttime="20220715 11:12:02.350" endtime="20220715 11:12:02.500"/>
</kw>
<status status="PASS" starttime="20220715 11:12:02.350" endtime="20220715 11:12:02.500"/>
</kw>
<status status="PASS" starttime="20220715 11:12:02.070" endtime="20220715 11:12:02.500"/>
</kw>
<kw name="Set Input" library="Common">
<arg>${ISIPulsaDetailsPage}[PINDigit6]</arg>
<arg>${PIN_NUMBER_DIGIT6}</arg>
<kw name="Click Item" library="Common">
<arg>${locator}</arg>
<kw name="Verify elements is visible and displayed" library="Common">
<arg>${locator}</arg>
<doc>Keyword to verify locator is enabled and visibled on a page.</doc>
<kw name="Wait Until Element Is Enabled" library="SeleniumLibrary">
<arg>${locator}</arg>
<arg>timeout=60</arg>
<doc>Waits until the element ``locator`` is enabled.</doc>
<status status="PASS" starttime="20220715 11:12:02.508" endtime="20220715 11:12:02.573"/>
</kw>
<kw name="Wait Until Element Is Visible" library="SeleniumLibrary">
<arg>${locator}</arg>
<arg>timeout=60</arg>
<doc>Waits until the element ``locator`` is visible.</doc>
<status status="PASS" starttime="20220715 11:12:02.573" endtime="20220715 11:12:02.620"/>
</kw>
<kw name="Page Should Contain Element" library="SeleniumLibrary">
<arg>${locator}</arg>
<arg>timeout=60</arg>
<doc>Verifies that element ``locator`` is found on the current page.</doc>
<msg timestamp="20220715 11:12:02.640" level="INFO">Current page contains element '//input[@aria-label='Digit 6']'.</msg>
<status status="PASS" starttime="20220715 11:12:02.620" endtime="20220715 11:12:02.640"/>
</kw>
<kw name="Wait Until Keyword Succeeds" library="BuiltIn">
<arg>${TimeOut}</arg>
<arg>${Start}</arg>
<arg>wait until page contains element</arg>
<arg>${locator}</arg>
<doc>Runs the specified keyword and retries if it fails.</doc>
<kw name="Wait Until Page Contains Element" library="SeleniumLibrary">
<arg>${locator}</arg>
<doc>Waits until the element ``locator`` appears on the current page.</doc>
<status status="PASS" starttime="20220715 11:12:02.640" endtime="20220715 11:12:02.660"/>
</kw>
<status status="PASS" starttime="20220715 11:12:02.640" endtime="20220715 11:12:02.660"/>
</kw>
<status status="PASS" starttime="20220715 11:12:02.500" endtime="20220715 11:12:02.660"/>
</kw>
<kw name="Wait Until Keyword Succeeds" library="BuiltIn">
<arg>${TimeOut}</arg>
<arg>${Start}</arg>
<arg>click element</arg>
<arg>${locator}</arg>
<doc>Runs the specified keyword and retries if it fails.</doc>
<kw name="Click Element" library="SeleniumLibrary">
<arg>${locator}</arg>
<doc>Click the element identified by ``locator``.</doc>
<msg timestamp="20220715 11:12:02.660" level="INFO">Clicking element '//input[@aria-label='Digit 6']'.</msg>
<status status="PASS" starttime="20220715 11:12:02.660" endtime="20220715 11:12:02.736"/>
</kw>
<status status="PASS" starttime="20220715 11:12:02.660" endtime="20220715 11:12:02.736"/>
</kw>
<status status="PASS" starttime="20220715 11:12:02.500" endtime="20220715 11:12:02.736"/>
</kw>
<kw name="Run Keyword If" library="BuiltIn">
<arg>'${value}' == 'nan'</arg>
<arg>Log To Console</arg>
<arg>NANACONDITION</arg>
<arg>ELSE IF</arg>
<arg>'${value}' == 'BLANK'</arg>
<arg>Wait Until Keyword Succeeds</arg>
<arg>${TimeOut}</arg>
<arg>${Start}</arg>
<arg>input text</arg>
<arg>${locator}</arg>
<arg>\</arg>
<arg>ELSE</arg>
<arg>Wait Until Keyword Succeeds</arg>
<arg>${TimeOut}</arg>
<arg>${Start}</arg>
<arg>input text</arg>
<arg>${locator}</arg>
<arg>${value}</arg>
<doc>Runs the given keyword with the given arguments, if ``condition`` is true.</doc>
<kw name="Wait Until Keyword Succeeds" library="BuiltIn">
<arg>${TimeOut}</arg>
<arg>${Start}</arg>
<arg>input text</arg>
<arg>${locator}</arg>
<arg>${value}</arg>
<doc>Runs the specified keyword and retries if it fails.</doc>
<kw name="Input Text" library="SeleniumLibrary">
<arg>${locator}</arg>
<arg>${value}</arg>
<doc>Types the given ``text`` into the text field identified by ``locator``.</doc>
<msg timestamp="20220715 11:12:02.740" level="INFO">Typing text '6' into text field '//input[@aria-label='Digit 6']'.</msg>
<status status="PASS" starttime="20220715 11:12:02.740" endtime="20220715 11:12:02.846"/>
</kw>
<status status="PASS" starttime="20220715 11:12:02.736" endtime="20220715 11:12:02.846"/>
</kw>
<status status="PASS" starttime="20220715 11:12:02.736" endtime="20220715 11:12:02.846"/>
</kw>
<status status="PASS" starttime="20220715 11:12:02.500" endtime="20220715 11:12:02.846"/>
</kw>
<kw name="Click Item" library="Common">
<arg>${ISIPulsaDetailsPage}[ConfirmButton]</arg>
<kw name="Verify elements is visible and displayed" library="Common">
<arg>${locator}</arg>
<doc>Keyword to verify locator is enabled and visibled on a page.</doc>
<kw name="Wait Until Element Is Enabled" library="SeleniumLibrary">
<arg>${locator}</arg>
<arg>timeout=60</arg>
<doc>Waits until the element ``locator`` is enabled.</doc>
<status status="PASS" starttime="20220715 11:12:02.851" endtime="20220715 11:12:02.908"/>
</kw>
<kw name="Wait Until Element Is Visible" library="SeleniumLibrary">
<arg>${locator}</arg>
<arg>timeout=60</arg>
<doc>Waits until the element ``locator`` is visible.</doc>
<status status="PASS" starttime="20220715 11:12:02.910" endtime="20220715 11:12:02.950"/>
</kw>
<kw name="Page Should Contain Element" library="SeleniumLibrary">
<arg>${locator}</arg>
<arg>timeout=60</arg>
<doc>Verifies that element ``locator`` is found on the current page.</doc>
<msg timestamp="20220715 11:12:02.970" level="INFO">Current page contains element '//div[text()=' Confirm']'.</msg>
<status status="PASS" starttime="20220715 11:12:02.950" endtime="20220715 11:12:02.970"/>
</kw>
<kw name="Wait Until Keyword Succeeds" library="BuiltIn">
<arg>${TimeOut}</arg>
<arg>${Start}</arg>
<arg>wait until page contains element</arg>
<arg>${locator}</arg>
<doc>Runs the specified keyword and retries if it fails.</doc>
<kw name="Wait Until Page Contains Element" library="SeleniumLibrary">
<arg>${locator}</arg>
<doc>Waits until the element ``locator`` appears on the current page.</doc>
<status status="PASS" starttime="20220715 11:12:02.970" endtime="20220715 11:12:02.990"/>
</kw>
<status status="PASS" starttime="20220715 11:12:02.970" endtime="20220715 11:12:02.990"/>
</kw>
<status status="PASS" starttime="20220715 11:12:02.846" endtime="20220715 11:12:02.990"/>
</kw>
<kw name="Wait Until Keyword Succeeds" library="BuiltIn">
<arg>${TimeOut}</arg>
<arg>${Start}</arg>
<arg>click element</arg>
<arg>${locator}</arg>
<doc>Runs the specified keyword and retries if it fails.</doc>
<kw name="Click Element" library="SeleniumLibrary">
<arg>${locator}</arg>
<doc>Click the element identified by ``locator``.</doc>
<msg timestamp="20220715 11:12:02.995" level="INFO">Clicking element '//div[text()=' Confirm']'.</msg>
<status status="PASS" starttime="20220715 11:12:02.990" endtime="20220715 11:12:03.094"/>
</kw>
<status status="PASS" starttime="20220715 11:12:02.990" endtime="20220715 11:12:03.094"/>
</kw>
<status status="PASS" starttime="20220715 11:12:02.846" endtime="20220715 11:12:03.094"/>
</kw>
<kw name="Sleep" library="BuiltIn">
<arg>3s</arg>
<doc>Pauses the test executed for the given time.</doc>
<msg timestamp="20220715 11:12:06.103" level="INFO">Slept 3 seconds</msg>
<status status="PASS" starttime="20220715 11:12:03.094" endtime="20220715 11:12:06.103"/>
</kw>
<kw name="Verify elements is visible and displayed" library="Common">
<arg>${ISIPulsaDetailsPage}[TranscationSuccessfulltext]</arg>
<doc>Keyword to verify locator is enabled and visibled on a page.</doc>
<kw name="Wait Until Element Is Enabled" library="SeleniumLibrary">
<arg>${locator}</arg>
<arg>timeout=60</arg>
<doc>Waits until the element ``locator`` is enabled.</doc>
<status status="PASS" starttime="20220715 11:12:06.103" endtime="20220715 11:12:09.070"/>
</kw>
<kw name="Wait Until Element Is Visible" library="SeleniumLibrary">
<arg>${locator}</arg>
<arg>timeout=60</arg>
<doc>Waits until the element ``locator`` is visible.</doc>
<status status="PASS" starttime="20220715 11:12:09.070" endtime="20220715 11:12:09.381"/>
</kw>
<kw name="Page Should Contain Element" library="SeleniumLibrary">
<arg>${locator}</arg>
<arg>timeout=60</arg>
<doc>Verifies that element ``locator`` is found on the current page.</doc>
<msg timestamp="20220715 11:12:09.402" level="INFO">Current page contains element '//div[contains(text(),'Transaction Successful')]'.</msg>
<status status="PASS" starttime="20220715 11:12:09.381" endtime="20220715 11:12:09.402"/>
</kw>
<kw name="Wait Until Keyword Succeeds" library="BuiltIn">
<arg>${TimeOut}</arg>
<arg>${Start}</arg>
<arg>wait until page contains element</arg>
<arg>${locator}</arg>
<doc>Runs the specified keyword and retries if it fails.</doc>
<kw name="Wait Until Page Contains Element" library="SeleniumLibrary">
<arg>${locator}</arg>
<doc>Waits until the element ``locator`` appears on the current page.</doc>
<status status="PASS" starttime="20220715 11:12:09.402" endtime="20220715 11:12:09.427"/>
</kw>
<status status="PASS" starttime="20220715 11:12:09.402" endtime="20220715 11:12:09.427"/>
</kw>
<status status="PASS" starttime="20220715 11:12:06.103" endtime="20220715 11:12:09.427"/>
</kw>
<kw name="Get Text" library="SeleniumLibrary">
<var>${TranscationStatus}</var>
<arg>${ISIPulsaDetailsPage}[TranscationSuccessfulltext]</arg>
<doc>Returns the text value of the element identified by ``locator``.</doc>
<msg timestamp="20220715 11:12:09.480" level="INFO">${TranscationStatus} = Transaction Successful</msg>
<status status="PASS" starttime="20220715 11:12:09.427" endtime="20220715 11:12:09.480"/>
</kw>
<kw name="Log To Console" library="BuiltIn">
<arg>${TranscationStatus}</arg>
<doc>Logs the given message to the console.</doc>
<status status="PASS" starttime="20220715 11:12:09.480" endtime="20220715 11:12:09.480"/>
</kw>
<kw name="Verify elements is visible and displayed" library="Common">
<arg>${ISIPulsaDetailsPage}[TranscationId]</arg>
<doc>Keyword to verify locator is enabled and visibled on a page.</doc>
<kw name="Wait Until Element Is Enabled" library="SeleniumLibrary">
<arg>${locator}</arg>
<arg>timeout=60</arg>
<doc>Waits until the element ``locator`` is enabled.</doc>
<status status="PASS" starttime="20220715 11:12:09.480" endtime="20220715 11:12:09.550"/>
</kw>
<kw name="Wait Until Element Is Visible" library="SeleniumLibrary">
<arg>${locator}</arg>
<arg>timeout=60</arg>
<doc>Waits until the element ``locator`` is visible.</doc>
<status status="PASS" starttime="20220715 11:12:09.550" endtime="20220715 11:12:09.591"/>
</kw>
<kw name="Page Should Contain Element" library="SeleniumLibrary">
<arg>${locator}</arg>
<arg>timeout=60</arg>
<doc>Verifies that element ``locator`` is found on the current page.</doc>
<msg timestamp="20220715 11:12:09.609" level="INFO">Current page contains element '//div[contains(text(), '12048')]'.</msg>
<status status="PASS" starttime="20220715 11:12:09.591" endtime="20220715 11:12:09.609"/>
</kw>
<kw name="Wait Until Keyword Succeeds" library="BuiltIn">
<arg>${TimeOut}</arg>
<arg>${Start}</arg>
<arg>wait until page contains element</arg>
<arg>${locator}</arg>
<doc>Runs the specified keyword and retries if it fails.</doc>
<kw name="Wait Until Page Contains Element" library="SeleniumLibrary">
<arg>${locator}</arg>
<doc>Waits until the element ``locator`` appears on the current page.</doc>
<status status="PASS" starttime="20220715 11:12:09.609" endtime="20220715 11:12:09.630"/>
</kw>
<status status="PASS" starttime="20220715 11:12:09.609" endtime="20220715 11:12:09.630"/>
</kw>
<status status="PASS" starttime="20220715 11:12:09.480" endtime="20220715 11:12:09.630"/>
</kw>
<kw name="Get Text" library="SeleniumLibrary">
<var>${Transcationid}</var>
<arg>${ISIPulsaDetailsPage}[TranscationId]</arg>
<doc>Returns the text value of the element identified by ``locator``.</doc>
<msg timestamp="20220715 11:12:09.670" level="INFO">${Transcationid} = 120482182867</msg>
<status status="PASS" starttime="20220715 11:12:09.630" endtime="20220715 11:12:09.670"/>
</kw>
<kw name="Log To Console" library="BuiltIn">
<arg>${Transcationid}</arg>
<doc>Logs the given message to the console.</doc>
<status status="PASS" starttime="20220715 11:12:09.670" endtime="20220715 11:12:09.670"/>
</kw>
<kw name="Click Item" library="Common">
<arg>${ISIPulsaDetailsPage}[TranscationOk]</arg>
<kw name="Verify elements is visible and displayed" library="Common">
<arg>${locator}</arg>
<doc>Keyword to verify locator is enabled and visibled on a page.</doc>
<kw name="Wait Until Element Is Enabled" library="SeleniumLibrary">
<arg>${locator}</arg>
<arg>timeout=60</arg>
<doc>Waits until the element ``locator`` is enabled.</doc>
<status status="PASS" starttime="20220715 11:12:09.680" endtime="20220715 11:12:09.740"/>
</kw>
<kw name="Wait Until Element Is Visible" library="SeleniumLibrary">
<arg>${locator}</arg>
<arg>timeout=60</arg>
<doc>Waits until the element ``locator`` is visible.</doc>
<status status="PASS" starttime="20220715 11:12:09.740" endtime="20220715 11:12:09.770"/>
</kw>
<kw name="Page Should Contain Element" library="SeleniumLibrary">
<arg>${locator}</arg>
<arg>timeout=60</arg>
<doc>Verifies that element ``locator`` is found on the current page.</doc>
<msg timestamp="20220715 11:12:09.795" level="INFO">Current page contains element '//div[contains(@class,'btn-md float-center margin-left')]'.</msg>
<status status="PASS" starttime="20220715 11:12:09.770" endtime="20220715 11:12:09.795"/>
</kw>
<kw name="Wait Until Keyword Succeeds" library="BuiltIn">
<arg>${TimeOut}</arg>
<arg>${Start}</arg>
<arg>wait until page contains element</arg>
<arg>${locator}</arg>
<doc>Runs the specified keyword and retries if it fails.</doc>
<kw name="Wait Until Page Contains Element" library="SeleniumLibrary">
<arg>${locator}</arg>
<doc>Waits until the element ``locator`` appears on the current page.</doc>
<status status="PASS" starttime="20220715 11:12:09.795" endtime="20220715 11:12:09.814"/>
</kw>
<status status="PASS" starttime="20220715 11:12:09.795" endtime="20220715 11:12:09.814"/>
</kw>
<status status="PASS" starttime="20220715 11:12:09.670" endtime="20220715 11:12:09.814"/>
</kw>
<kw name="Wait Until Keyword Succeeds" library="BuiltIn">
<arg>${TimeOut}</arg>
<arg>${Start}</arg>
<arg>click element</arg>
<arg>${locator}</arg>
<doc>Runs the specified keyword and retries if it fails.</doc>
<kw name="Click Element" library="SeleniumLibrary">
<arg>${locator}</arg>
<doc>Click the element identified by ``locator``.</doc>
<msg timestamp="20220715 11:12:09.814" level="INFO">Clicking element '//div[contains(@class,'btn-md float-center margin-left')]'.</msg>
<status status="PASS" starttime="20220715 11:12:09.814" endtime="20220715 11:12:09.892"/>
</kw>
<status status="PASS" starttime="20220715 11:12:09.814" endtime="20220715 11:12:09.892"/>
</kw>
<status status="PASS" starttime="20220715 11:12:09.670" endtime="20220715 11:12:09.892"/>
</kw>
<kw name="Sleep" library="BuiltIn">
<arg>5s</arg>
<doc>Pauses the test executed for the given time.</doc>
<msg timestamp="20220715 11:12:14.899" level="INFO">Slept 5 seconds</msg>
<status status="PASS" starttime="20220715 11:12:09.892" endtime="20220715 11:12:14.899"/>
</kw>
<status status="PASS" starttime="20220715 11:11:36.683" endtime="20220715 11:12:14.899"/>
</kw>
<kw name="Sleep" library="BuiltIn">
<arg>5s</arg>
<doc>Pauses the test executed for the given time.</doc>
<msg timestamp="20220715 11:12:19.900" level="INFO">Slept 5 seconds</msg>
<status status="PASS" starttime="20220715 11:12:14.899" endtime="20220715 11:12:19.900"/>
</kw>
<kw name="Execute Suite Teardown" library="Common" type="TEARDOWN">
<doc>Closes all open browsers and resets the browser cache.</doc>
<kw name="Run Keyword And Return Status" library="BuiltIn">
<var>${present}</var>
<arg>Variable Should Exist</arg>
<arg>${download directory}</arg>
<doc>Runs the given keyword with given arguments and returns the status as a Boolean value.</doc>
<kw name="Variable Should Exist" library="BuiltIn">
<arg>${download directory}</arg>
<doc>Fails unless the given variable exists within the current scope.</doc>
<msg timestamp="20220715 11:12:19.900" level="FAIL">Variable '${download directory}' does not exist.</msg>
<status status="FAIL" starttime="20220715 11:12:19.900" endtime="20220715 11:12:20.031"/>
</kw>
<msg timestamp="20220715 11:12:20.031" level="INFO">${present} = False</msg>
<status status="PASS" starttime="20220715 11:12:19.900" endtime="20220715 11:12:20.031"/>
</kw>
<if>
<branch type="IF" condition="${present}">
<kw name="Empty Directory" library="OperatingSystem">
<arg>${download directory}</arg>
<doc>Deletes all the content from the given directory.</doc>
<status status="NOT RUN" starttime="20220715 11:12:20.031" endtime="20220715 11:12:20.031"/>
</kw>
<kw name="Remove Directory" library="OperatingSystem">
<arg>${download directory}</arg>
<doc>Removes the directory pointed to by the given ``path``.</doc>
<status status="NOT RUN" starttime="20220715 11:12:20.031" endtime="20220715 11:12:20.031"/>
</kw>
<status status="NOT RUN" starttime="20220715 11:12:20.031" endtime="20220715 11:12:20.031"/>
</branch>
<status status="PASS" starttime="20220715 11:12:20.031" endtime="20220715 11:12:20.031"/>
</if>
<kw name="Close All Browsers" library="SeleniumLibrary">
<doc>Closes all open browsers and resets the browser cache.</doc>
<status status="PASS" starttime="20220715 11:12:20.031" endtime="20220715 11:12:22.240"/>
</kw>
<kw name="Print" library="Common">
<arg>finished =&gt; Execute Suite Teardown</arg>
<kw name="Log To Console" library="BuiltIn">
<arg>\n${message}</arg>
<doc>Logs the given message to the console.</doc>
<status status="PASS" starttime="20220715 11:12:22.240" endtime="20220715 11:12:22.240"/>
</kw>
<status status="PASS" starttime="20220715 11:12:22.240" endtime="20220715 11:12:22.240"/>
</kw>
<status status="PASS" starttime="20220715 11:12:19.900" endtime="20220715 11:12:22.240"/>
</kw>
<doc>Sample TestCase For Automation FrameWork</doc>
<status status="PASS" starttime="20220715 11:10:11.995" endtime="20220715 11:12:22.240"/>
</test>
<doc>Sample TestCase For Automation FrameWork</doc>
<status status="PASS" starttime="20220715 11:10:09.271" endtime="20220715 11:12:22.249"/>
</suite>
<statistics>
<total>
<stat pass="1" fail="0" skip="0">All Tests</stat>
</total>
<tag>
</tag>
<suite>
<stat pass="1" fail="0" skip="0" id="s1" name="A SF 001">A SF 001</stat>
</suite>
</statistics>
<errors>
</errors>
</robot>
